#
# There is insufficient memory for the Java Runtime Environment to continue.
# Native memory allocation (mmap) failed to map 275775488 bytes for Failed to commit area from 0x0000000090e00000 to 0x00000000a1500000 of length 275775488.
# Possible reasons:
#   The system is out of physical RAM or swap space
#   The process is running with CompressedOops enabled, and the Java Heap may be blocking the growth of the native heap
# Possible solutions:
#   Reduce memory load on the system
#   Increase physical memory or swap space
#   Check if swap backing store is full
#   Decrease Java heap size (-Xmx/-Xms)
#   Decrease number of Java threads
#   Decrease Java thread stack sizes (-Xss)
#   Set larger code cache with -XX:ReservedCodeCacheSize=
#   JVM is running with Unscaled Compressed Oops mode in which the Java heap is
#     placed in the first 4GB address space. The Java Heap base address is the
#     maximum limit for the native heap growth. Please use -XX:HeapBaseMinAddress
#     to set the Java Heap base and to place the Java Heap above 4GB virtual address.
# This output file may be truncated or incomplete.
#
#  Out of Memory Error (./src/hotspot/os/windows/os_windows.cpp:3301), pid=3716, tid=6968
#
# JRE version: OpenJDK Runtime Environment (11.0.10) (build 11.0.10+0-b96-7249189)
# Java VM: OpenJDK 64-Bit Server VM (11.0.10+0-b96-7249189, mixed mode, tiered, compressed oops, g1 gc, windows-amd64)
# No core dump will be written. Minidumps are not enabled by default on client versions of Windows
#

---------------  S U M M A R Y ------------

Command Line: --add-opens=java.base/java.util=ALL-UNNAMED --add-opens=java.base/java.lang=ALL-UNNAMED --add-opens=java.base/java.lang.invoke=ALL-UNNAMED --add-opens=java.base/java.util=ALL-UNNAMED --add-opens=java.prefs/java.util.prefs=ALL-UNNAMED --add-opens=java.prefs/java.util.prefs=ALL-UNNAMED --add-opens=java.base/java.nio.charset=ALL-UNNAMED --add-opens=java.base/java.net=ALL-UNNAMED --add-opens=java.base/java.util.concurrent.atomic=ALL-UNNAMED -Xmx2048m -Dfile.encoding=UTF-8 -Duser.country=ID -Duser.language=en -Duser.variant org.gradle.launcher.daemon.bootstrap.GradleDaemon 7.0.2

Host: Intel(R) Core(TM) i5-3230M CPU @ 2.60GHz, 4 cores, 7G,  Windows 10 , 64 bit Build 19041 (10.0.19041.1741)
Time: Sun Jun 19 09:37:06 2022 SE Asia Standard Time elapsed time: 88.385352 seconds (0d 0h 1m 28s)

---------------  T H R E A D  ---------------

Current thread (0x000001495ab67000):  VMThread "VM Thread" [stack: 0x0000001cc6900000,0x0000001cc6a00000] [id=6968]

Stack: [0x0000001cc6900000,0x0000001cc6a00000]
[error occurred during error reporting (printing stack bounds), id 0xc0000005, EXCEPTION_ACCESS_VIOLATION (0xc0000005) at pc=0x0000014944340f2d]

Native frames: (J=compiled Java code, j=interpreted, Vv=VM code, C=native code)
V  [jvm.dll+0x5ecfaa]
V  [jvm.dll+0x722bd5]
V  [jvm.dll+0x72412d]
V  [jvm.dll+0x724745]
V  [jvm.dll+0x7246fb]
V  [jvm.dll+0x5ec348]
V  [jvm.dll+0x5ecad8]
C  [ntdll.dll+0xa209f]
C  [ntdll.dll+0x51454]
C  [ntdll.dll+0xa0bce]
C  0x0000014944340f2d

VM_Operation (0x0000001cc98fce60): G1CollectForAllocation, mode: safepoint, requested by thread 0x000001495ef5a000


---------------  P R O C E S S  ---------------

Threads class SMR info:
_java_thread_list=0x00000149654696e0, length=58, elements={
0x000001494084c800, 0x000001495ab6b800, 0x000001495ab71800, 0x000001495ab8a000,
0x000001495ab8b000, 0x000001495ab8e800, 0x000001495ab90800, 0x000001495ab94000,
0x000001495ab9e800, 0x000001495b633000, 0x000001495e813000, 0x000001495c101000,
0x000001495bf9c800, 0x000001495c5b5000, 0x000001495f1d2800, 0x000001495eb53800,
0x000001495d064800, 0x000001495da47000, 0x000001495c5c0800, 0x000001495c5c1800,
0x000001495c5bf800, 0x000001495c5c2000, 0x000001495c5c3000, 0x000001495c5c6000,
0x000001495c5c4000, 0x000001495c5c4800, 0x000001495c5c5800, 0x000001495bbca800,
0x000001495bbcb800, 0x000001495bbcc000, 0x000001495bbcd000, 0x000001495bbc9800,
0x000001495bbcd800, 0x000001495bbc8000, 0x000001495ef4c000, 0x000001495ef4b800,
0x000001495ef50000, 0x000001495ef51000, 0x000001495ef4e800, 0x000001495ef4f800,
0x000001495ef52000, 0x000001495ef4d000, 0x000001495ef53800, 0x000001495ef4d800,
0x000001495ef55000, 0x000001495ef58800, 0x000001495ef54800, 0x000001495ef59000,
0x0000014962a9f800, 0x000001495ef56800, 0x000001495ef5a000, 0x000001495ef57800,
0x000001495ef56000, 0x00000149651a0000, 0x000001496519b000, 0x000001496519c000,
0x000001496519e800, 0x000001496519f000
}

Java Threads: ( => current thread )
  0x000001494084c800 JavaThread "main" [_thread_blocked, id=12508, stack(0x0000001cc6300000,0x0000001cc6400000)]
  0x000001495ab6b800 JavaThread "Reference Handler" daemon [_thread_blocked, id=9784, stack(0x0000001cc6a00000,0x0000001cc6b00000)]
  0x000001495ab71800 JavaThread "Finalizer" daemon [_thread_blocked, id=1828, stack(0x0000001cc6b00000,0x0000001cc6c00000)]
  0x000001495ab8a000 JavaThread "Signal Dispatcher" daemon [_thread_blocked, id=13568, stack(0x0000001cc6c00000,0x0000001cc6d00000)]
  0x000001495ab8b000 JavaThread "Attach Listener" daemon [_thread_blocked, id=16288, stack(0x0000001cc6d00000,0x0000001cc6e00000)]
  0x000001495ab8e800 JavaThread "Service Thread" daemon [_thread_blocked, id=13680, stack(0x0000001cc6e00000,0x0000001cc6f00000)]
  0x000001495ab90800 JavaThread "C2 CompilerThread0" daemon [_thread_blocked, id=15040, stack(0x0000001cc6f00000,0x0000001cc7000000)]
  0x000001495ab94000 JavaThread "C1 CompilerThread0" daemon [_thread_blocked, id=5204, stack(0x0000001cc7000000,0x0000001cc7100000)]
  0x000001495ab9e800 JavaThread "Sweeper thread" daemon [_thread_blocked, id=11912, stack(0x0000001cc7100000,0x0000001cc7200000)]
  0x000001495b633000 JavaThread "Common-Cleaner" daemon [_thread_blocked, id=10772, stack(0x0000001cc7200000,0x0000001cc7300000)]
  0x000001495e813000 JavaThread "Daemon health stats" [_thread_blocked, id=9796, stack(0x0000001cc7700000,0x0000001cc7800000)]
  0x000001495c101000 JavaThread "Incoming local TCP Connector on port 60554" [_thread_in_native, id=14600, stack(0x0000001cc7400000,0x0000001cc7500000)]
  0x000001495bf9c800 JavaThread "Daemon periodic checks" [_thread_blocked, id=1692, stack(0x0000001cc7800000,0x0000001cc7900000)]
  0x000001495c5b5000 JavaThread "Daemon" [_thread_blocked, id=2712, stack(0x0000001cc7900000,0x0000001cc7a00000)]
  0x000001495f1d2800 JavaThread "Handler for socket connection from /127.0.0.1:60554 to /127.0.0.1:60555" [_thread_in_native, id=7544, stack(0x0000001cc7a00000,0x0000001cc7b00000)]
  0x000001495eb53800 JavaThread "Cancel handler" [_thread_blocked, id=7884, stack(0x0000001cc7b00000,0x0000001cc7c00000)]
  0x000001495d064800 JavaThread "Daemon worker" [_thread_blocked, id=4712, stack(0x0000001cc7c00000,0x0000001cc7d00000)]
  0x000001495da47000 JavaThread "Asynchronous log dispatcher for DefaultDaemonConnection: socket connection from /127.0.0.1:60554 to /127.0.0.1:60555" [_thread_blocked, id=4764, stack(0x0000001cc7d00000,0x0000001cc7e00000)]
  0x000001495c5c0800 JavaThread "Daemon client event forwarder" [_thread_blocked, id=12244, stack(0x0000001cc7f00000,0x0000001cc8000000)]
  0x000001495c5c1800 JavaThread "Cache worker for file hash cache (C:\Users\Efendi\.gradle\caches\7.0.2\fileHashes)" [_thread_blocked, id=9028, stack(0x0000001cc8000000,0x0000001cc8100000)]
  0x000001495c5bf800 JavaThread "File lock request listener" [_thread_in_native, id=2940, stack(0x0000001cc8200000,0x0000001cc8300000)]
  0x000001495c5c2000 JavaThread "Cache worker for journal cache (C:\Users\Efendi\.gradle\caches\journal-1)" [_thread_blocked, id=1580, stack(0x0000001cc8300000,0x0000001cc8400000)]
  0x000001495c5c3000 JavaThread "Cache worker for file hash cache (F:\Kuliah\Semester 6\Mobile2\mibird\.gradle\7.0.2\fileHashes)" [_thread_blocked, id=1200, stack(0x0000001cc8500000,0x0000001cc8600000)]
  0x000001495c5c6000 JavaThread "File watcher server" daemon [_thread_blocked, id=11760, stack(0x0000001cc8600000,0x0000001cc8700000)]
  0x000001495c5c4000 JavaThread "File watcher consumer" daemon [_thread_blocked, id=12656, stack(0x0000001cc8400000,0x0000001cc8500000)]
  0x000001495c5c4800 JavaThread "Cache worker for checksums cache (F:\Kuliah\Semester 6\Mobile2\mibird\.gradle\checksums)" [_thread_blocked, id=9768, stack(0x0000001cc8700000,0x0000001cc8800000)]
  0x000001495c5c5800 JavaThread "Cache worker for cache directory md-supplier (C:\Users\Efendi\.gradle\caches\7.0.2\md-supplier)" [_thread_blocked, id=15356, stack(0x0000001cc8800000,0x0000001cc8900000)]
  0x000001495bbca800 JavaThread "Cache worker for cache directory md-rule (C:\Users\Efendi\.gradle\caches\7.0.2\md-rule)" [_thread_blocked, id=15516, stack(0x0000001cc8900000,0x0000001cc8a00000)]
  0x000001495bbcb800 JavaThread "Cache worker for execution history cache (C:\Users\Efendi\.gradle\caches\7.0.2\executionHistory)" [_thread_blocked, id=15172, stack(0x0000001cc8b00000,0x0000001cc8c00000)]
  0x000001495bbcc000 JavaThread "jar transforms" [_thread_blocked, id=11084, stack(0x0000001cc8a00000,0x0000001cc8b00000)]
  0x000001495bbcd000 JavaThread "jar transforms Thread 2" [_thread_blocked, id=3236, stack(0x0000001cc8c00000,0x0000001cc8d00000)]
  0x000001495bbc9800 JavaThread "Cache worker for file content cache (C:\Users\Efendi\.gradle\caches\7.0.2\fileContent)" [_thread_blocked, id=7472, stack(0x0000001cc8e00000,0x0000001cc8f00000)]
  0x000001495bbcd800 JavaThread "Cache worker for dependencies-accessors (F:\Kuliah\Semester 6\Mobile2\mibird\.gradle\7.0.2\dependencies-accessors)" [_thread_blocked, id=5248, stack(0x0000001cc8f00000,0x0000001cc9000000)]
  0x000001495bbc8000 JavaThread "jar transforms Thread 3" [_thread_blocked, id=12336, stack(0x0000001cc9000000,0x0000001cc9100000)]
  0x000001495ef4c000 JavaThread "Cache worker for Build Output Cleanup Cache (F:\Kuliah\Semester 6\Mobile2\mibird\.gradle\buildOutputCleanup)" [_thread_blocked, id=6832, stack(0x0000001cc8d00000,0x0000001cc8e00000)]
  0x000001495ef4b800 JavaThread "Build operations" [_thread_blocked, id=16140, stack(0x0000001cc9100000,0x0000001cc9200000)]
  0x000001495ef50000 JavaThread "Build operations Thread 2" [_thread_blocked, id=4064, stack(0x0000001cc9200000,0x0000001cc9300000)]
  0x000001495ef51000 JavaThread "Build operations Thread 3" [_thread_blocked, id=11560, stack(0x0000001cc9300000,0x0000001cc9400000)]
  0x000001495ef4e800 JavaThread "Build operations Thread 4" [_thread_blocked, id=4612, stack(0x0000001cc9400000,0x0000001cc9500000)]
  0x000001495ef4f800 JavaThread "jar transforms Thread 4" [_thread_blocked, id=14572, stack(0x0000001cc9500000,0x0000001cc9600000)]
  0x000001495ef52000 JavaThread "Memory manager" [_thread_blocked, id=15236, stack(0x0000001cc9600000,0x0000001cc9700000)]
  0x000001495ef4d000 JavaThread "build event listener" [_thread_blocked, id=9328, stack(0x0000001cc9900000,0x0000001cc9a00000)]
  0x000001495ef53800 JavaThread "Execution worker for ':'" [_thread_blocked, id=11516, stack(0x0000001cc9a00000,0x0000001cc9b00000)]
  0x000001495ef4d800 JavaThread "Execution worker for ':' Thread 2" [_thread_blocked, id=10968, stack(0x0000001cc9b00000,0x0000001cc9c00000)]
  0x000001495ef55000 JavaThread "Execution worker for ':' Thread 3" [_thread_blocked, id=3312, stack(0x0000001cc9c00000,0x0000001cc9d00000)]
  0x000001495ef58800 JavaThread "Cache worker for execution history cache (F:\Kuliah\Semester 6\Mobile2\mibird\.gradle\7.0.2\executionHistory)" [_thread_blocked, id=12212, stack(0x0000001cc9d00000,0x0000001cc9e00000)]
  0x000001495ef54800 JavaThread "WorkerExecutor Queue" [_thread_blocked, id=10868, stack(0x0000001cc9f00000,0x0000001cca000000)]
  0x000001495ef59000 JavaThread "WorkerExecutor Queue Thread 2" [_thread_blocked, id=3016, stack(0x0000001cca000000,0x0000001cca100000)]
  0x0000014962a9f800 JavaThread "C2 CompilerThread1" daemon [_thread_blocked, id=5372, stack(0x0000001cc6000000,0x0000001cc6100000)]
  0x000001495ef56800 JavaThread "WorkerExecutor Queue Thread 3" [_thread_blocked, id=8588, stack(0x0000001cc6200000,0x0000001cc6300000)]
  0x000001495ef5a000 JavaThread "WorkerExecutor Queue Thread 5" [_thread_blocked, id=9088, stack(0x0000001cc9800000,0x0000001cc9900000)]
  0x000001495ef57800 JavaThread "pool-3-thread-1" [_thread_blocked, id=6244, stack(0x0000001cc7e00000,0x0000001cc7f00000)]
  0x000001495ef56000 JavaThread "ForkJoinPool-1-worker-3" daemon [_thread_blocked, id=16236, stack(0x0000001cca100000,0x0000001cca200000)]
  0x00000149651a0000 JavaThread "ForkJoinPool-1-worker-5" daemon [_thread_blocked, id=8780, stack(0x0000001cca200000,0x0000001cca300000)]
  0x000001496519b000 JavaThread "ForkJoinPool-1-worker-7" daemon [_thread_blocked, id=12484, stack(0x0000001cca300000,0x0000001cca400000)]
  0x000001496519c000 JavaThread "ForkJoinPool-1-worker-1" daemon [_thread_blocked, id=15260, stack(0x0000001cca400000,0x0000001cca500000)]
  0x000001496519e800 JavaThread "stderr" [_thread_in_native, id=15144, stack(0x0000001cca500000,0x0000001cca600000)]
  0x000001496519f000 JavaThread "stdout" [_thread_in_native, id=1824, stack(0x0000001cca600000,0x0000001cca700000)]

Other Threads:
=>0x000001495ab67000 VMThread "VM Thread" [stack: 0x0000001cc6900000,0x0000001cc6a00000] [id=6968]
  0x000001495b690000 WatcherThread [stack: 0x0000001cc7300000,0x0000001cc7400000] [id=5660]
  0x0000014940865800 GCTaskThread "GC Thread#0" [stack: 0x0000001cc6400000,0x0000001cc6500000] [id=4336]
  0x000001495ba08800 GCTaskThread "GC Thread#1" [stack: 0x0000001cc7500000,0x0000001cc7600000] [id=7284]
  0x000001495b902800 GCTaskThread "GC Thread#2" [stack: 0x0000001cc7600000,0x0000001cc7700000] [id=11908]
  0x000001495bc84000 GCTaskThread "GC Thread#3" [stack: 0x0000001cc8100000,0x0000001cc8200000] [id=256]
  0x0000014940897800 ConcurrentGCThread "G1 Main Marker" [stack: 0x0000001cc6500000,0x0000001cc6600000] [id=6400]
  0x0000014940898800 ConcurrentGCThread "G1 Conc#0" [stack: 0x0000001cc6600000,0x0000001cc6700000] [id=12716]
  0x0000014940925800 ConcurrentGCThread "G1 Refine#0" [stack: 0x0000001cc6700000,0x0000001cc6800000] [id=11064]
  0x0000014940926800 ConcurrentGCThread "G1 Young RemSet Sampling" [stack: 0x0000001cc6800000,0x0000001cc6900000] [id=13364]

Threads with active compile tasks:
C2 CompilerThread0  88419 16770       4       com.android.tools.r8.graph.Z0::a (98 bytes)

VM state:at safepoint (normal execution)

VM Mutex/Monitor currently owned by a thread:  ([mutex/lock_event])
[0x0000014940848710] Threads_lock - owner thread: 0x000001495ab67000
[0x0000014940849b50] Heap_lock - owner thread: 0x000001495ef5a000

Heap address: 0x0000000080000000, size: 2048 MB, Compressed Oops mode: 32-bit
Narrow klass base: 0x0000000000000000, Narrow klass shift: 3
Compressed class space size: 1073741824 Address: 0x0000000100000000

Heap:
 garbage-first heap   total 545792K, used 202752K [0x0000000080000000, 0x0000000100000000)
  region size 1024K, 3 young (3072K), 3 survivors (3072K)
 Metaspace       used 110657K, capacity 113488K, committed 113612K, reserved 1146880K
  class space    used 14194K, capacity 15258K, committed 15360K, reserved 1048576K
Heap Regions: E=young(eden), S=young(survivor), O=old, HS=humongous(starts), HC=humongous(continues), CS=collection set, F=free, A=archive, TAMS=top-at-mark-start (previous, next)
|   0|0x0000000080000000, 0x0000000080100000, 0x0000000080100000|100%| O|  |TAMS 0x0000000080100000, 0x0000000080000000| Untracked 
|   1|0x0000000080100000, 0x0000000080200000, 0x0000000080200000|100%| O|  |TAMS 0x0000000080200000, 0x0000000080100000| Untracked 
|   2|0x0000000080200000, 0x0000000080300000, 0x0000000080300000|100%| O|  |TAMS 0x0000000080300000, 0x0000000080200000| Untracked 
|   3|0x0000000080300000, 0x0000000080400000, 0x0000000080400000|100%|HS|  |TAMS 0x0000000080400000, 0x0000000080300000| Complete 
|   4|0x0000000080400000, 0x0000000080500000, 0x0000000080500000|100%|HC|  |TAMS 0x0000000080500000, 0x0000000080400000| Complete 
|   5|0x0000000080500000, 0x0000000080600000, 0x0000000080600000|100%|HC|  |TAMS 0x0000000080600000, 0x0000000080500000| Complete 
|   6|0x0000000080600000, 0x0000000080700000, 0x0000000080700000|100%| O|  |TAMS 0x0000000080700000, 0x0000000080600000| Untracked 
|   7|0x0000000080700000, 0x0000000080800000, 0x0000000080800000|100%| O|  |TAMS 0x0000000080800000, 0x0000000080700000| Untracked 
|   8|0x0000000080800000, 0x0000000080900000, 0x0000000080900000|100%| O|  |TAMS 0x0000000080900000, 0x0000000080800000| Untracked 
|   9|0x0000000080900000, 0x0000000080a00000, 0x0000000080a00000|100%| O|  |TAMS 0x0000000080a00000, 0x0000000080900000| Untracked 
|  10|0x0000000080a00000, 0x0000000080b00000, 0x0000000080b00000|100%| O|  |TAMS 0x0000000080b00000, 0x0000000080a00000| Untracked 
|  11|0x0000000080b00000, 0x0000000080c00000, 0x0000000080c00000|100%| O|  |TAMS 0x0000000080c00000, 0x0000000080b00000| Untracked 
|  12|0x0000000080c00000, 0x0000000080d00000, 0x0000000080d00000|100%| O|  |TAMS 0x0000000080d00000, 0x0000000080c00000| Untracked 
|  13|0x0000000080d00000, 0x0000000080e00000, 0x0000000080e00000|100%| O|  |TAMS 0x0000000080e00000, 0x0000000080d00000| Untracked 
|  14|0x0000000080e00000, 0x0000000080f00000, 0x0000000080f00000|100%| O|  |TAMS 0x0000000080f00000, 0x0000000080e00000| Untracked 
|  15|0x0000000080f00000, 0x0000000081000000, 0x0000000081000000|100%| O|  |TAMS 0x0000000081000000, 0x0000000080f00000| Untracked 
|  16|0x0000000081000000, 0x0000000081100000, 0x0000000081100000|100%| O|  |TAMS 0x0000000081100000, 0x0000000081000000| Untracked 
|  17|0x0000000081100000, 0x0000000081200000, 0x0000000081200000|100%| O|  |TAMS 0x0000000081200000, 0x0000000081100000| Untracked 
|  18|0x0000000081200000, 0x0000000081300000, 0x0000000081300000|100%| O|  |TAMS 0x0000000081300000, 0x0000000081200000| Untracked 
|  19|0x0000000081300000, 0x0000000081400000, 0x0000000081400000|100%| O|  |TAMS 0x0000000081400000, 0x0000000081300000| Untracked 
|  20|0x0000000081400000, 0x0000000081500000, 0x0000000081500000|100%| O|  |TAMS 0x0000000081500000, 0x0000000081400000| Untracked 
|  21|0x0000000081500000, 0x0000000081600000, 0x0000000081600000|100%| O|  |TAMS 0x0000000081600000, 0x0000000081500000| Untracked 
|  22|0x0000000081600000, 0x0000000081700000, 0x0000000081700000|100%| O|  |TAMS 0x0000000081700000, 0x0000000081600000| Untracked 
|  23|0x0000000081700000, 0x0000000081800000, 0x0000000081800000|100%| O|  |TAMS 0x0000000081800000, 0x0000000081700000| Untracked 
|  24|0x0000000081800000, 0x0000000081900000, 0x0000000081900000|100%| O|  |TAMS 0x0000000081900000, 0x0000000081800000| Untracked 
|  25|0x0000000081900000, 0x0000000081a00000, 0x0000000081a00000|100%| O|  |TAMS 0x0000000081a00000, 0x0000000081900000| Untracked 
|  26|0x0000000081a00000, 0x0000000081b00000, 0x0000000081b00000|100%| O|  |TAMS 0x0000000081b00000, 0x0000000081a00000| Untracked 
|  27|0x0000000081b00000, 0x0000000081c00000, 0x0000000081c00000|100%|HS|  |TAMS 0x0000000081c00000, 0x0000000081b00000| Complete 
|  28|0x0000000081c00000, 0x0000000081d00000, 0x0000000081d00000|100%|HS|  |TAMS 0x0000000081d00000, 0x0000000081c00000| Complete 
|  29|0x0000000081d00000, 0x0000000081e00000, 0x0000000081e00000|100%|HS|  |TAMS 0x0000000081e00000, 0x0000000081d00000| Complete 
|  30|0x0000000081e00000, 0x0000000081f00000, 0x0000000081f00000|100%|HS|  |TAMS 0x0000000081f00000, 0x0000000081e00000| Complete 
|  31|0x0000000081f00000, 0x0000000082000000, 0x0000000082000000|100%|HC|  |TAMS 0x0000000082000000, 0x0000000081f00000| Complete 
|  32|0x0000000082000000, 0x0000000082100000, 0x0000000082100000|100%|HC|  |TAMS 0x0000000082100000, 0x0000000082000000| Complete 
|  33|0x0000000082100000, 0x0000000082200000, 0x0000000082200000|100%|HS|  |TAMS 0x0000000082200000, 0x0000000082100000| Complete 
|  34|0x0000000082200000, 0x0000000082300000, 0x0000000082300000|100%|HC|  |TAMS 0x0000000082300000, 0x0000000082200000| Complete 
|  35|0x0000000082300000, 0x0000000082400000, 0x0000000082400000|100%| O|  |TAMS 0x0000000082400000, 0x0000000082300000| Untracked 
|  36|0x0000000082400000, 0x0000000082500000, 0x0000000082500000|100%| O|  |TAMS 0x0000000082500000, 0x0000000082400000| Untracked 
|  37|0x0000000082500000, 0x0000000082600000, 0x0000000082600000|100%| O|  |TAMS 0x0000000082600000, 0x0000000082500000| Untracked 
|  38|0x0000000082600000, 0x0000000082700000, 0x0000000082700000|100%| O|  |TAMS 0x0000000082700000, 0x0000000082600000| Untracked 
|  39|0x0000000082700000, 0x0000000082800000, 0x0000000082800000|100%| O|  |TAMS 0x0000000082800000, 0x0000000082700000| Untracked 
|  40|0x0000000082800000, 0x0000000082900000, 0x0000000082900000|100%| O|  |TAMS 0x0000000082900000, 0x0000000082800000| Untracked 
|  41|0x0000000082900000, 0x0000000082a00000, 0x0000000082a00000|100%| O|  |TAMS 0x0000000082a00000, 0x0000000082900000| Untracked 
|  42|0x0000000082a00000, 0x0000000082b00000, 0x0000000082b00000|100%| O|  |TAMS 0x0000000082b00000, 0x0000000082a00000| Untracked 
|  43|0x0000000082b00000, 0x0000000082c00000, 0x0000000082c00000|100%| O|  |TAMS 0x0000000082c00000, 0x0000000082b00000| Untracked 
|  44|0x0000000082c00000, 0x0000000082d00000, 0x0000000082d00000|100%| O|  |TAMS 0x0000000082d00000, 0x0000000082c00000| Untracked 
|  45|0x0000000082d00000, 0x0000000082e00000, 0x0000000082e00000|100%| O|  |TAMS 0x0000000082e00000, 0x0000000082d00000| Untracked 
|  46|0x0000000082e00000, 0x0000000082f00000, 0x0000000082f00000|100%| O|  |TAMS 0x0000000082f00000, 0x0000000082e00000| Untracked 
|  47|0x0000000082f00000, 0x0000000083000000, 0x0000000083000000|100%| O|  |TAMS 0x0000000083000000, 0x0000000082f00000| Untracked 
|  48|0x0000000083000000, 0x0000000083100000, 0x0000000083100000|100%| O|  |TAMS 0x0000000083100000, 0x0000000083000000| Untracked 
|  49|0x0000000083100000, 0x0000000083200000, 0x0000000083200000|100%| O|  |TAMS 0x0000000083200000, 0x0000000083100000| Untracked 
|  50|0x0000000083200000, 0x0000000083300000, 0x0000000083300000|100%| O|  |TAMS 0x0000000083300000, 0x0000000083200000| Untracked 
|  51|0x0000000083300000, 0x0000000083400000, 0x0000000083400000|100%| O|  |TAMS 0x0000000083400000, 0x0000000083300000| Untracked 
|  52|0x0000000083400000, 0x0000000083500000, 0x0000000083500000|100%| O|  |TAMS 0x0000000083500000, 0x0000000083400000| Untracked 
|  53|0x0000000083500000, 0x0000000083600000, 0x0000000083600000|100%| O|  |TAMS 0x0000000083600000, 0x0000000083500000| Untracked 
|  54|0x0000000083600000, 0x0000000083700000, 0x0000000083700000|100%| O|  |TAMS 0x0000000083700000, 0x0000000083600000| Untracked 
|  55|0x0000000083700000, 0x0000000083800000, 0x0000000083800000|100%| O|  |TAMS 0x0000000083800000, 0x0000000083700000| Untracked 
|  56|0x0000000083800000, 0x0000000083900000, 0x0000000083900000|100%| O|  |TAMS 0x0000000083900000, 0x0000000083800000| Untracked 
|  57|0x0000000083900000, 0x0000000083a00000, 0x0000000083a00000|100%| O|  |TAMS 0x0000000083a00000, 0x0000000083900000| Untracked 
|  58|0x0000000083a00000, 0x0000000083b00000, 0x0000000083b00000|100%| O|  |TAMS 0x0000000083b00000, 0x0000000083a00000| Untracked 
|  59|0x0000000083b00000, 0x0000000083c00000, 0x0000000083c00000|100%| O|  |TAMS 0x0000000083c00000, 0x0000000083b00000| Untracked 
|  60|0x0000000083c00000, 0x0000000083d00000, 0x0000000083d00000|100%| O|  |TAMS 0x0000000083d00000, 0x0000000083c00000| Untracked 
|  61|0x0000000083d00000, 0x0000000083e00000, 0x0000000083e00000|100%| O|  |TAMS 0x0000000083e00000, 0x0000000083d00000| Untracked 
|  62|0x0000000083e00000, 0x0000000083f00000, 0x0000000083f00000|100%| O|  |TAMS 0x0000000083f00000, 0x0000000083e00000| Untracked 
|  63|0x0000000083f00000, 0x0000000084000000, 0x0000000084000000|100%| O|  |TAMS 0x0000000084000000, 0x0000000083f00000| Untracked 
|  64|0x0000000084000000, 0x0000000084100000, 0x0000000084100000|100%| O|  |TAMS 0x0000000084100000, 0x0000000084000000| Untracked 
|  65|0x0000000084100000, 0x0000000084200000, 0x0000000084200000|100%| O|  |TAMS 0x0000000084200000, 0x0000000084100000| Untracked 
|  66|0x0000000084200000, 0x0000000084300000, 0x0000000084300000|100%| O|  |TAMS 0x0000000084300000, 0x0000000084200000| Untracked 
|  67|0x0000000084300000, 0x0000000084400000, 0x0000000084400000|100%| O|  |TAMS 0x0000000084400000, 0x0000000084300000| Untracked 
|  68|0x0000000084400000, 0x0000000084500000, 0x0000000084500000|100%| O|  |TAMS 0x0000000084500000, 0x0000000084400000| Untracked 
|  69|0x0000000084500000, 0x0000000084600000, 0x0000000084600000|100%| O|  |TAMS 0x0000000084600000, 0x0000000084500000| Untracked 
|  70|0x0000000084600000, 0x0000000084700000, 0x0000000084700000|100%| O|  |TAMS 0x0000000084700000, 0x0000000084600000| Untracked 
|  71|0x0000000084700000, 0x0000000084800000, 0x0000000084800000|100%| O|  |TAMS 0x0000000084800000, 0x0000000084700000| Untracked 
|  72|0x0000000084800000, 0x0000000084900000, 0x0000000084900000|100%| O|  |TAMS 0x0000000084900000, 0x0000000084800000| Untracked 
|  73|0x0000000084900000, 0x0000000084a00000, 0x0000000084a00000|100%| O|  |TAMS 0x0000000084a00000, 0x0000000084900000| Untracked 
|  74|0x0000000084a00000, 0x0000000084b00000, 0x0000000084b00000|100%| O|  |TAMS 0x0000000084b00000, 0x0000000084a00000| Untracked 
|  75|0x0000000084b00000, 0x0000000084c00000, 0x0000000084c00000|100%| O|  |TAMS 0x0000000084c00000, 0x0000000084b00000| Untracked 
|  76|0x0000000084c00000, 0x0000000084d00000, 0x0000000084d00000|100%| O|  |TAMS 0x0000000084d00000, 0x0000000084c00000| Untracked 
|  77|0x0000000084d00000, 0x0000000084e00000, 0x0000000084e00000|100%| O|  |TAMS 0x0000000084e00000, 0x0000000084d00000| Untracked 
|  78|0x0000000084e00000, 0x0000000084f00000, 0x0000000084f00000|100%| O|  |TAMS 0x0000000084f00000, 0x0000000084e00000| Untracked 
|  79|0x0000000084f00000, 0x0000000085000000, 0x0000000085000000|100%| O|  |TAMS 0x0000000085000000, 0x0000000084f00000| Untracked 
|  80|0x0000000085000000, 0x0000000085100000, 0x0000000085100000|100%| O|  |TAMS 0x0000000085100000, 0x0000000085000000| Untracked 
|  81|0x0000000085100000, 0x0000000085200000, 0x0000000085200000|100%| O|  |TAMS 0x0000000085200000, 0x0000000085100000| Untracked 
|  82|0x0000000085200000, 0x0000000085300000, 0x0000000085300000|100%| O|  |TAMS 0x0000000085300000, 0x0000000085200000| Untracked 
|  83|0x0000000085300000, 0x0000000085400000, 0x0000000085400000|100%| O|  |TAMS 0x0000000085400000, 0x0000000085300000| Untracked 
|  84|0x0000000085400000, 0x0000000085500000, 0x0000000085500000|100%|HS|  |TAMS 0x0000000085500000, 0x0000000085400000| Complete 
|  85|0x0000000085500000, 0x0000000085600000, 0x0000000085600000|100%|HS|  |TAMS 0x0000000085600000, 0x0000000085500000| Complete 
|  86|0x0000000085600000, 0x0000000085700000, 0x0000000085700000|100%| O|  |TAMS 0x0000000085700000, 0x0000000085600000| Untracked 
|  87|0x0000000085700000, 0x0000000085800000, 0x0000000085800000|100%| O|  |TAMS 0x0000000085800000, 0x0000000085700000| Untracked 
|  88|0x0000000085800000, 0x0000000085900000, 0x0000000085900000|100%| O|  |TAMS 0x0000000085900000, 0x0000000085800000| Untracked 
|  89|0x0000000085900000, 0x0000000085a00000, 0x0000000085a00000|100%| O|  |TAMS 0x0000000085a00000, 0x0000000085900000| Untracked 
|  90|0x0000000085a00000, 0x0000000085b00000, 0x0000000085b00000|100%| O|  |TAMS 0x0000000085b00000, 0x0000000085a00000| Untracked 
|  91|0x0000000085b00000, 0x0000000085c00000, 0x0000000085c00000|100%|HS|  |TAMS 0x0000000085c00000, 0x0000000085b00000| Complete 
|  92|0x0000000085c00000, 0x0000000085d00000, 0x0000000085d00000|100%| O|  |TAMS 0x0000000085d00000, 0x0000000085c00000| Untracked 
|  93|0x0000000085d00000, 0x0000000085e00000, 0x0000000085e00000|100%|HS|  |TAMS 0x0000000085e00000, 0x0000000085d00000| Complete 
|  94|0x0000000085e00000, 0x0000000085f00000, 0x0000000085f00000|100%|HC|  |TAMS 0x0000000085f00000, 0x0000000085e00000| Complete 
|  95|0x0000000085f00000, 0x0000000086000000, 0x0000000086000000|100%|HS|  |TAMS 0x0000000086000000, 0x0000000085f00000| Complete 
|  96|0x0000000086000000, 0x0000000086100000, 0x0000000086100000|100%|HS|  |TAMS 0x0000000086100000, 0x0000000086000000| Complete 
|  97|0x0000000086100000, 0x0000000086200000, 0x0000000086200000|100%|HS|  |TAMS 0x0000000086200000, 0x0000000086100000| Complete 
|  98|0x0000000086200000, 0x0000000086300000, 0x0000000086300000|100%|HC|  |TAMS 0x0000000086300000, 0x0000000086200000| Complete 
|  99|0x0000000086300000, 0x0000000086400000, 0x0000000086400000|100%|HC|  |TAMS 0x0000000086400000, 0x0000000086300000| Complete 
| 100|0x0000000086400000, 0x0000000086500000, 0x0000000086500000|100%|HS|  |TAMS 0x0000000086500000, 0x0000000086400000| Complete 
| 101|0x0000000086500000, 0x0000000086600000, 0x0000000086600000|100%| O|  |TAMS 0x0000000086600000, 0x0000000086500000| Untracked 
| 102|0x0000000086600000, 0x0000000086700000, 0x0000000086700000|100%|HS|  |TAMS 0x0000000086700000, 0x0000000086600000| Complete 
| 103|0x0000000086700000, 0x0000000086800000, 0x0000000086800000|100%|HS|  |TAMS 0x0000000086800000, 0x0000000086700000| Complete 
| 104|0x0000000086800000, 0x0000000086900000, 0x0000000086900000|100%|HC|  |TAMS 0x0000000086900000, 0x0000000086800000| Complete 
| 105|0x0000000086900000, 0x0000000086a00000, 0x0000000086a00000|100%| O|  |TAMS 0x0000000086a00000, 0x0000000086900000| Untracked 
| 106|0x0000000086a00000, 0x0000000086b00000, 0x0000000086b00000|100%|HS|  |TAMS 0x0000000086b00000, 0x0000000086a00000| Complete 
| 107|0x0000000086b00000, 0x0000000086c00000, 0x0000000086c00000|100%| O|  |TAMS 0x0000000086c00000, 0x0000000086b00000| Untracked 
| 108|0x0000000086c00000, 0x0000000086d00000, 0x0000000086d00000|100%|HS|  |TAMS 0x0000000086d00000, 0x0000000086c00000| Complete 
| 109|0x0000000086d00000, 0x0000000086e00000, 0x0000000086e00000|100%| O|  |TAMS 0x0000000086e00000, 0x0000000086d00000| Untracked 
| 110|0x0000000086e00000, 0x0000000086f00000, 0x0000000086f00000|100%|HS|  |TAMS 0x0000000086f00000, 0x0000000086e00000| Complete 
| 111|0x0000000086f00000, 0x0000000087000000, 0x0000000087000000|100%| O|  |TAMS 0x0000000087000000, 0x0000000086f00000| Untracked 
| 112|0x0000000087000000, 0x0000000087100000, 0x0000000087100000|100%| O|  |TAMS 0x0000000087100000, 0x0000000087000000| Untracked 
| 113|0x0000000087100000, 0x0000000087200000, 0x0000000087200000|100%| O|  |TAMS 0x0000000087200000, 0x0000000087100000| Untracked 
| 114|0x0000000087200000, 0x0000000087300000, 0x0000000087300000|100%|HS|  |TAMS 0x0000000087300000, 0x0000000087200000| Complete 
| 115|0x0000000087300000, 0x0000000087400000, 0x0000000087400000|100%|HC|  |TAMS 0x0000000087400000, 0x0000000087300000| Complete 
| 116|0x0000000087400000, 0x0000000087500000, 0x0000000087500000|100%|HC|  |TAMS 0x0000000087500000, 0x0000000087400000| Complete 
| 117|0x0000000087500000, 0x0000000087600000, 0x0000000087600000|100%| O|  |TAMS 0x0000000087600000, 0x0000000087500000| Untracked 
| 118|0x0000000087600000, 0x0000000087700000, 0x0000000087700000|100%| O|  |TAMS 0x0000000087700000, 0x0000000087600000| Untracked 
| 119|0x0000000087700000, 0x0000000087800000, 0x0000000087800000|100%| O|  |TAMS 0x0000000087800000, 0x0000000087700000| Untracked 
| 120|0x0000000087800000, 0x0000000087900000, 0x0000000087900000|100%| O|  |TAMS 0x0000000087900000, 0x0000000087800000| Untracked 
| 121|0x0000000087900000, 0x0000000087a00000, 0x0000000087a00000|100%| O|  |TAMS 0x0000000087a00000, 0x0000000087900000| Untracked 
| 122|0x0000000087a00000, 0x0000000087b00000, 0x0000000087b00000|100%| O|  |TAMS 0x0000000087b00000, 0x0000000087a00000| Untracked 
| 123|0x0000000087b00000, 0x0000000087c00000, 0x0000000087c00000|100%| O|  |TAMS 0x0000000087c00000, 0x0000000087b00000| Untracked 
| 124|0x0000000087c00000, 0x0000000087d00000, 0x0000000087d00000|100%| O|  |TAMS 0x0000000087d00000, 0x0000000087c00000| Untracked 
| 125|0x0000000087d00000, 0x0000000087e00000, 0x0000000087e00000|100%| O|  |TAMS 0x0000000087e00000, 0x0000000087d00000| Untracked 
| 126|0x0000000087e00000, 0x0000000087f00000, 0x0000000087f00000|100%| O|  |TAMS 0x0000000087f00000, 0x0000000087e00000| Untracked 
| 127|0x0000000087f00000, 0x0000000088000000, 0x0000000088000000|100%| O|  |TAMS 0x0000000088000000, 0x0000000087f00000| Untracked 
| 128|0x0000000088000000, 0x0000000088100000, 0x0000000088100000|100%| O|  |TAMS 0x0000000088100000, 0x0000000088000000| Untracked 
| 129|0x0000000088100000, 0x0000000088200000, 0x0000000088200000|100%| O|  |TAMS 0x0000000088200000, 0x0000000088100000| Untracked 
| 130|0x0000000088200000, 0x0000000088300000, 0x0000000088300000|100%| O|  |TAMS 0x0000000088300000, 0x0000000088200000| Untracked 
| 131|0x0000000088300000, 0x0000000088400000, 0x0000000088400000|100%| O|  |TAMS 0x0000000088400000, 0x0000000088300000| Untracked 
| 132|0x0000000088400000, 0x0000000088500000, 0x0000000088500000|100%| O|  |TAMS 0x0000000088500000, 0x0000000088400000| Untracked 
| 133|0x0000000088500000, 0x0000000088600000, 0x0000000088600000|100%| O|  |TAMS 0x0000000088600000, 0x0000000088500000| Untracked 
| 134|0x0000000088600000, 0x0000000088700000, 0x0000000088700000|100%| O|  |TAMS 0x0000000088700000, 0x0000000088600000| Untracked 
| 135|0x0000000088700000, 0x0000000088800000, 0x0000000088800000|100%| O|  |TAMS 0x0000000088800000, 0x0000000088700000| Untracked 
| 136|0x0000000088800000, 0x0000000088900000, 0x0000000088900000|100%| O|  |TAMS 0x0000000088900000, 0x0000000088800000| Untracked 
| 137|0x0000000088900000, 0x0000000088a00000, 0x0000000088a00000|100%| O|  |TAMS 0x0000000088a00000, 0x0000000088900000| Untracked 
| 138|0x0000000088a00000, 0x0000000088b00000, 0x0000000088b00000|100%| O|  |TAMS 0x0000000088b00000, 0x0000000088a00000| Untracked 
| 139|0x0000000088b00000, 0x0000000088c00000, 0x0000000088c00000|100%| O|  |TAMS 0x0000000088c00000, 0x0000000088b00000| Untracked 
| 140|0x0000000088c00000, 0x0000000088d00000, 0x0000000088d00000|100%| O|  |TAMS 0x0000000088d00000, 0x0000000088c00000| Untracked 
| 141|0x0000000088d00000, 0x0000000088e00000, 0x0000000088e00000|100%| O|  |TAMS 0x0000000088e00000, 0x0000000088d00000| Untracked 
| 142|0x0000000088e00000, 0x0000000088f00000, 0x0000000088f00000|100%| O|  |TAMS 0x0000000088f00000, 0x0000000088e00000| Untracked 
| 143|0x0000000088f00000, 0x0000000089000000, 0x0000000089000000|100%| O|  |TAMS 0x0000000089000000, 0x0000000088f00000| Untracked 
| 144|0x0000000089000000, 0x0000000089100000, 0x0000000089100000|100%| O|  |TAMS 0x00000000890c2a00, 0x0000000089000000| Untracked 
| 145|0x0000000089100000, 0x0000000089200000, 0x0000000089200000|100%| O|  |TAMS 0x0000000089100000, 0x0000000089100000| Untracked 
| 146|0x0000000089200000, 0x0000000089300000, 0x0000000089300000|100%| O|  |TAMS 0x0000000089200000, 0x0000000089200000| Untracked 
| 147|0x0000000089300000, 0x0000000089400000, 0x0000000089400000|100%| O|  |TAMS 0x0000000089300000, 0x0000000089300000| Untracked 
| 148|0x0000000089400000, 0x0000000089500000, 0x0000000089500000|100%| O|  |TAMS 0x0000000089400000, 0x0000000089400000| Untracked 
| 149|0x0000000089500000, 0x0000000089600000, 0x0000000089600000|100%| O|  |TAMS 0x0000000089500000, 0x0000000089500000| Untracked 
| 150|0x0000000089600000, 0x0000000089700000, 0x0000000089700000|100%| O|  |TAMS 0x0000000089600000, 0x0000000089600000| Untracked 
| 151|0x0000000089700000, 0x0000000089800000, 0x0000000089800000|100%| O|  |TAMS 0x0000000089700000, 0x0000000089700000| Untracked 
| 152|0x0000000089800000, 0x0000000089900000, 0x0000000089900000|100%| O|  |TAMS 0x0000000089800000, 0x0000000089800000| Untracked 
| 153|0x0000000089900000, 0x0000000089a00000, 0x0000000089a00000|100%| O|  |TAMS 0x0000000089900000, 0x0000000089900000| Untracked 
| 154|0x0000000089a00000, 0x0000000089b00000, 0x0000000089b00000|100%| O|  |TAMS 0x0000000089a00000, 0x0000000089a00000| Untracked 
| 155|0x0000000089b00000, 0x0000000089c00000, 0x0000000089c00000|100%| O|  |TAMS 0x0000000089b00000, 0x0000000089b00000| Untracked 
| 156|0x0000000089c00000, 0x0000000089d00000, 0x0000000089d00000|100%| O|  |TAMS 0x0000000089c00000, 0x0000000089c00000| Untracked 
| 157|0x0000000089d00000, 0x0000000089e00000, 0x0000000089e00000|100%| O|  |TAMS 0x0000000089e00000, 0x0000000089d00000| Untracked 
| 158|0x0000000089e00000, 0x0000000089f00000, 0x0000000089f00000|100%| O|  |TAMS 0x0000000089f00000, 0x0000000089e00000| Untracked 
| 159|0x0000000089f00000, 0x000000008a000000, 0x000000008a000000|100%| O|  |TAMS 0x000000008a000000, 0x0000000089f00000| Untracked 
| 160|0x000000008a000000, 0x000000008a100000, 0x000000008a100000|100%| O|  |TAMS 0x000000008a100000, 0x000000008a000000| Untracked 
| 161|0x000000008a100000, 0x000000008a200000, 0x000000008a200000|100%| O|  |TAMS 0x000000008a200000, 0x000000008a100000| Untracked 
| 162|0x000000008a200000, 0x000000008a300000, 0x000000008a300000|100%| O|  |TAMS 0x000000008a200000, 0x000000008a200000| Untracked 
| 163|0x000000008a300000, 0x000000008a400000, 0x000000008a400000|100%| O|  |TAMS 0x000000008a300000, 0x000000008a300000| Untracked 
| 164|0x000000008a400000, 0x000000008a500000, 0x000000008a500000|100%| O|  |TAMS 0x000000008a400000, 0x000000008a400000| Untracked 
| 165|0x000000008a500000, 0x000000008a600000, 0x000000008a600000|100%| O|  |TAMS 0x000000008a500000, 0x000000008a500000| Untracked 
| 166|0x000000008a600000, 0x000000008a700000, 0x000000008a700000|100%| O|  |TAMS 0x000000008a600000, 0x000000008a600000| Untracked 
| 167|0x000000008a700000, 0x000000008a800000, 0x000000008a800000|100%| O|  |TAMS 0x000000008a700000, 0x000000008a700000| Untracked 
| 168|0x000000008a800000, 0x000000008a900000, 0x000000008a900000|100%| O|  |TAMS 0x000000008a800000, 0x000000008a800000| Untracked 
| 169|0x000000008a900000, 0x000000008aa00000, 0x000000008aa00000|100%| O|  |TAMS 0x000000008a900000, 0x000000008a900000| Untracked 
| 170|0x000000008aa00000, 0x000000008ab00000, 0x000000008ab00000|100%| O|  |TAMS 0x000000008aa00000, 0x000000008aa00000| Untracked 
| 171|0x000000008ab00000, 0x000000008ac00000, 0x000000008ac00000|100%| O|  |TAMS 0x000000008ab00000, 0x000000008ab00000| Untracked 
| 172|0x000000008ac00000, 0x000000008ad00000, 0x000000008ad00000|100%| O|  |TAMS 0x000000008ac00000, 0x000000008ac00000| Untracked 
| 173|0x000000008ad00000, 0x000000008ae00000, 0x000000008ae00000|100%| O|  |TAMS 0x000000008ad00000, 0x000000008ad00000| Untracked 
| 174|0x000000008ae00000, 0x000000008af00000, 0x000000008af00000|100%| O|  |TAMS 0x000000008ae00000, 0x000000008ae00000| Untracked 
| 175|0x000000008af00000, 0x000000008b000000, 0x000000008b000000|100%| O|  |TAMS 0x000000008af00000, 0x000000008af00000| Untracked 
| 176|0x000000008b000000, 0x000000008b100000, 0x000000008b100000|100%| O|  |TAMS 0x000000008b000000, 0x000000008b000000| Untracked 
| 177|0x000000008b100000, 0x000000008b200000, 0x000000008b200000|100%| O|  |TAMS 0x000000008b100000, 0x000000008b100000| Untracked 
| 178|0x000000008b200000, 0x000000008b300000, 0x000000008b300000|100%| O|  |TAMS 0x000000008b200000, 0x000000008b200000| Untracked 
| 179|0x000000008b300000, 0x000000008b400000, 0x000000008b400000|100%| O|  |TAMS 0x000000008b300000, 0x000000008b300000| Untracked 
| 180|0x000000008b400000, 0x000000008b500000, 0x000000008b500000|100%| O|  |TAMS 0x000000008b400000, 0x000000008b400000| Untracked 
| 181|0x000000008b500000, 0x000000008b600000, 0x000000008b600000|100%| O|  |TAMS 0x000000008b500000, 0x000000008b500000| Untracked 
| 182|0x000000008b600000, 0x000000008b700000, 0x000000008b700000|100%| O|  |TAMS 0x000000008b600000, 0x000000008b600000| Untracked 
| 183|0x000000008b700000, 0x000000008b800000, 0x000000008b800000|100%| O|  |TAMS 0x000000008b700000, 0x000000008b700000| Untracked 
| 184|0x000000008b800000, 0x000000008b900000, 0x000000008b900000|100%| O|  |TAMS 0x000000008b800000, 0x000000008b800000| Untracked 
| 185|0x000000008b900000, 0x000000008ba00000, 0x000000008ba00000|100%| O|  |TAMS 0x000000008b900000, 0x000000008b900000| Untracked 
| 186|0x000000008ba00000, 0x000000008bb00000, 0x000000008bb00000|100%| O|  |TAMS 0x000000008ba00000, 0x000000008ba00000| Untracked 
| 187|0x000000008bb00000, 0x000000008bc00000, 0x000000008bc00000|100%| O|  |TAMS 0x000000008bb00000, 0x000000008bb00000| Untracked 
| 188|0x000000008bc00000, 0x000000008bd00000, 0x000000008bd00000|100%| O|  |TAMS 0x000000008bc00000, 0x000000008bc00000| Untracked 
| 189|0x000000008bd00000, 0x000000008be00000, 0x000000008be00000|100%| O|  |TAMS 0x000000008bd00000, 0x000000008bd00000| Untracked 
| 190|0x000000008be00000, 0x000000008bf00000, 0x000000008bf00000|100%| O|  |TAMS 0x000000008be00000, 0x000000008be00000| Untracked 
| 191|0x000000008bf00000, 0x000000008c000000, 0x000000008c000000|100%| O|  |TAMS 0x000000008bf00000, 0x000000008bf00000| Untracked 
| 192|0x000000008c000000, 0x000000008c100000, 0x000000008c100000|100%| O|  |TAMS 0x000000008c000000, 0x000000008c000000| Untracked 
| 193|0x000000008c100000, 0x000000008c200000, 0x000000008c200000|100%| O|  |TAMS 0x000000008c100000, 0x000000008c100000| Untracked 
| 194|0x000000008c200000, 0x000000008c300000, 0x000000008c300000|100%| O|  |TAMS 0x000000008c200000, 0x000000008c200000| Untracked 
| 195|0x000000008c300000, 0x000000008c300000, 0x000000008c400000|  0%| F|  |TAMS 0x000000008c300000, 0x000000008c300000| Untracked 
| 196|0x000000008c400000, 0x000000008c400000, 0x000000008c500000|  0%| F|  |TAMS 0x000000008c400000, 0x000000008c400000| Untracked 
| 197|0x000000008c500000, 0x000000008c500000, 0x000000008c600000|  0%| F|  |TAMS 0x000000008c500000, 0x000000008c500000| Untracked 
| 198|0x000000008c600000, 0x000000008c600000, 0x000000008c700000|  0%| F|  |TAMS 0x000000008c600000, 0x000000008c600000| Untracked 
| 199|0x000000008c700000, 0x000000008c700000, 0x000000008c800000|  0%| F|  |TAMS 0x000000008c700000, 0x000000008c700000| Untracked 
| 200|0x000000008c800000, 0x000000008c800000, 0x000000008c900000|  0%| F|  |TAMS 0x000000008c800000, 0x000000008c800000| Untracked 
| 201|0x000000008c900000, 0x000000008c900000, 0x000000008ca00000|  0%| F|  |TAMS 0x000000008c900000, 0x000000008c900000| Untracked 
| 202|0x000000008ca00000, 0x000000008ca00000, 0x000000008cb00000|  0%| F|  |TAMS 0x000000008ca00000, 0x000000008ca00000| Untracked 
| 203|0x000000008cb00000, 0x000000008cb00000, 0x000000008cc00000|  0%| F|  |TAMS 0x000000008cb00000, 0x000000008cb00000| Untracked 
| 204|0x000000008cc00000, 0x000000008cc00000, 0x000000008cd00000|  0%| F|  |TAMS 0x000000008cc00000, 0x000000008cc00000| Untracked 
| 205|0x000000008cd00000, 0x000000008cd00000, 0x000000008ce00000|  0%| F|  |TAMS 0x000000008cd00000, 0x000000008cd00000| Untracked 
| 206|0x000000008ce00000, 0x000000008ce00000, 0x000000008cf00000|  0%| F|  |TAMS 0x000000008ce00000, 0x000000008ce00000| Untracked 
| 207|0x000000008cf00000, 0x000000008cf00000, 0x000000008d000000|  0%| F|  |TAMS 0x000000008cf00000, 0x000000008cf00000| Untracked 
| 208|0x000000008d000000, 0x000000008d000000, 0x000000008d100000|  0%| F|  |TAMS 0x000000008d000000, 0x000000008d000000| Untracked 
| 209|0x000000008d100000, 0x000000008d100000, 0x000000008d200000|  0%| F|  |TAMS 0x000000008d100000, 0x000000008d100000| Untracked 
| 210|0x000000008d200000, 0x000000008d200000, 0x000000008d300000|  0%| F|  |TAMS 0x000000008d200000, 0x000000008d200000| Untracked 
| 211|0x000000008d300000, 0x000000008d300000, 0x000000008d400000|  0%| F|  |TAMS 0x000000008d300000, 0x000000008d300000| Untracked 
| 212|0x000000008d400000, 0x000000008d400000, 0x000000008d500000|  0%| F|  |TAMS 0x000000008d400000, 0x000000008d400000| Untracked 
| 213|0x000000008d500000, 0x000000008d500000, 0x000000008d600000|  0%| F|  |TAMS 0x000000008d500000, 0x000000008d500000| Untracked 
| 214|0x000000008d600000, 0x000000008d600000, 0x000000008d700000|  0%| F|  |TAMS 0x000000008d600000, 0x000000008d600000| Untracked 
| 215|0x000000008d700000, 0x000000008d700000, 0x000000008d800000|  0%| F|  |TAMS 0x000000008d700000, 0x000000008d700000| Untracked 
| 216|0x000000008d800000, 0x000000008d800000, 0x000000008d900000|  0%| F|  |TAMS 0x000000008d800000, 0x000000008d800000| Untracked 
| 217|0x000000008d900000, 0x000000008d900000, 0x000000008da00000|  0%| F|  |TAMS 0x000000008d900000, 0x000000008d900000| Untracked 
| 218|0x000000008da00000, 0x000000008da00000, 0x000000008db00000|  0%| F|  |TAMS 0x000000008da00000, 0x000000008da00000| Untracked 
| 219|0x000000008db00000, 0x000000008db00000, 0x000000008dc00000|  0%| F|  |TAMS 0x000000008db00000, 0x000000008db00000| Untracked 
| 220|0x000000008dc00000, 0x000000008dc00000, 0x000000008dd00000|  0%| F|  |TAMS 0x000000008dc00000, 0x000000008dc00000| Untracked 
| 221|0x000000008dd00000, 0x000000008dd00000, 0x000000008de00000|  0%| F|  |TAMS 0x000000008dd00000, 0x000000008dd00000| Untracked 
| 222|0x000000008de00000, 0x000000008de00000, 0x000000008df00000|  0%| F|  |TAMS 0x000000008de00000, 0x000000008de00000| Untracked 
| 223|0x000000008df00000, 0x000000008df00000, 0x000000008e000000|  0%| F|  |TAMS 0x000000008df00000, 0x000000008df00000| Untracked 
| 224|0x000000008e000000, 0x000000008e000000, 0x000000008e100000|  0%| F|  |TAMS 0x000000008e000000, 0x000000008e000000| Untracked 
| 225|0x000000008e100000, 0x000000008e100000, 0x000000008e200000|  0%| F|  |TAMS 0x000000008e100000, 0x000000008e100000| Untracked 
| 226|0x000000008e200000, 0x000000008e200000, 0x000000008e300000|  0%| F|  |TAMS 0x000000008e200000, 0x000000008e200000| Untracked 
| 227|0x000000008e300000, 0x000000008e300000, 0x000000008e400000|  0%| F|  |TAMS 0x000000008e300000, 0x000000008e300000| Untracked 
| 228|0x000000008e400000, 0x000000008e400000, 0x000000008e500000|  0%| F|  |TAMS 0x000000008e400000, 0x000000008e400000| Untracked 
| 229|0x000000008e500000, 0x000000008e500000, 0x000000008e600000|  0%| F|  |TAMS 0x000000008e500000, 0x000000008e500000| Untracked 
| 230|0x000000008e600000, 0x000000008e600000, 0x000000008e700000|  0%| F|  |TAMS 0x000000008e600000, 0x000000008e600000| Untracked 
| 231|0x000000008e700000, 0x000000008e700000, 0x000000008e800000|  0%| F|  |TAMS 0x000000008e700000, 0x000000008e700000| Untracked 
| 232|0x000000008e800000, 0x000000008e800000, 0x000000008e900000|  0%| F|  |TAMS 0x000000008e800000, 0x000000008e800000| Untracked 
| 233|0x000000008e900000, 0x000000008e900000, 0x000000008ea00000|  0%| F|  |TAMS 0x000000008e900000, 0x000000008e900000| Untracked 
| 234|0x000000008ea00000, 0x000000008ea00000, 0x000000008eb00000|  0%| F|  |TAMS 0x000000008ea00000, 0x000000008ea00000| Untracked 
| 235|0x000000008eb00000, 0x000000008eb00000, 0x000000008ec00000|  0%| F|  |TAMS 0x000000008eb00000, 0x000000008eb00000| Untracked 
| 236|0x000000008ec00000, 0x000000008ec00000, 0x000000008ed00000|  0%| F|  |TAMS 0x000000008ec00000, 0x000000008ec00000| Untracked 
| 237|0x000000008ed00000, 0x000000008ed00000, 0x000000008ee00000|  0%| F|  |TAMS 0x000000008ed00000, 0x000000008ed00000| Untracked 
| 238|0x000000008ee00000, 0x000000008ee00000, 0x000000008ef00000|  0%| F|  |TAMS 0x000000008ee00000, 0x000000008ee00000| Untracked 
| 239|0x000000008ef00000, 0x000000008ef00000, 0x000000008f000000|  0%| F|  |TAMS 0x000000008ef00000, 0x000000008ef00000| Untracked 
| 240|0x000000008f000000, 0x000000008f000000, 0x000000008f100000|  0%| F|  |TAMS 0x000000008f000000, 0x000000008f000000| Untracked 
| 241|0x000000008f100000, 0x000000008f100000, 0x000000008f200000|  0%| F|  |TAMS 0x000000008f100000, 0x000000008f100000| Untracked 
| 242|0x000000008f200000, 0x000000008f300000, 0x000000008f300000|100%| S|CS|TAMS 0x000000008f200000, 0x000000008f200000| Complete 
| 243|0x000000008f300000, 0x000000008f300000, 0x000000008f400000|  0%| F|  |TAMS 0x000000008f300000, 0x000000008f300000| Untracked 
| 244|0x000000008f400000, 0x000000008f400000, 0x000000008f500000|  0%| F|  |TAMS 0x000000008f400000, 0x000000008f400000| Untracked 
| 245|0x000000008f500000, 0x000000008f500000, 0x000000008f600000|  0%| F|  |TAMS 0x000000008f500000, 0x000000008f500000| Untracked 
| 246|0x000000008f600000, 0x000000008f600000, 0x000000008f700000|  0%| F|  |TAMS 0x000000008f600000, 0x000000008f600000| Untracked 
| 247|0x000000008f700000, 0x000000008f800000, 0x000000008f800000|100%| S|CS|TAMS 0x000000008f700000, 0x000000008f700000| Complete 
| 248|0x000000008f800000, 0x000000008f900000, 0x000000008f900000|100%| S|CS|TAMS 0x000000008f800000, 0x000000008f800000| Complete 
| 249|0x000000008f900000, 0x000000008f900000, 0x000000008fa00000|  0%| F|  |TAMS 0x000000008f900000, 0x000000008f900000| Untracked 
| 250|0x000000008fa00000, 0x000000008fa00000, 0x000000008fb00000|  0%| F|  |TAMS 0x000000008fa00000, 0x000000008fa00000| Untracked 
| 251|0x000000008fb00000, 0x000000008fb00000, 0x000000008fc00000|  0%| F|  |TAMS 0x000000008fb00000, 0x000000008fb00000| Untracked 
| 252|0x000000008fc00000, 0x000000008fc00000, 0x000000008fd00000|  0%| F|  |TAMS 0x000000008fc00000, 0x000000008fc00000| Untracked 
| 253|0x000000008fd00000, 0x000000008fd00000, 0x000000008fe00000|  0%| F|  |TAMS 0x000000008fd00000, 0x000000008fd00000| Untracked 
| 254|0x000000008fe00000, 0x000000008fe00000, 0x000000008ff00000|  0%| F|  |TAMS 0x000000008fe00000, 0x000000008fe00000| Untracked 
| 255|0x000000008ff00000, 0x000000008ff00000, 0x0000000090000000|  0%| F|  |TAMS 0x000000008ff00000, 0x000000008ff00000| Untracked 
| 256|0x0000000090000000, 0x0000000090000000, 0x0000000090100000|  0%| F|  |TAMS 0x0000000090000000, 0x0000000090000000| Untracked 
| 257|0x0000000090100000, 0x0000000090100000, 0x0000000090200000|  0%| F|  |TAMS 0x0000000090100000, 0x0000000090100000| Untracked 
| 258|0x0000000090200000, 0x0000000090200000, 0x0000000090300000|  0%| F|  |TAMS 0x0000000090200000, 0x0000000090200000| Untracked 
| 259|0x0000000090300000, 0x0000000090300000, 0x0000000090400000|  0%| F|  |TAMS 0x0000000090300000, 0x0000000090300000| Untracked 
| 260|0x0000000090400000, 0x0000000090400000, 0x0000000090500000|  0%| F|  |TAMS 0x0000000090400000, 0x0000000090400000| Untracked 
| 261|0x0000000090500000, 0x0000000090500000, 0x0000000090600000|  0%| F|  |TAMS 0x0000000090500000, 0x0000000090500000| Untracked 
| 262|0x0000000090600000, 0x0000000090600000, 0x0000000090700000|  0%| F|  |TAMS 0x0000000090600000, 0x0000000090600000| Untracked 
| 263|0x0000000090700000, 0x0000000090700000, 0x0000000090800000|  0%| F|  |TAMS 0x0000000090700000, 0x0000000090700000| Untracked 
| 264|0x0000000090800000, 0x0000000090800000, 0x0000000090900000|  0%| F|  |TAMS 0x0000000090800000, 0x0000000090800000| Untracked 
| 265|0x0000000090900000, 0x0000000090900000, 0x0000000090a00000|  0%| F|  |TAMS 0x0000000090900000, 0x0000000090900000| Untracked 
| 266|0x0000000090a00000, 0x0000000090a00000, 0x0000000090b00000|  0%| F|  |TAMS 0x0000000090a00000, 0x0000000090a00000| Untracked 
| 267|0x0000000090b00000, 0x0000000090b00000, 0x0000000090c00000|  0%| F|  |TAMS 0x0000000090b00000, 0x0000000090b00000| Untracked 
| 268|0x0000000090c00000, 0x0000000090c00000, 0x0000000090d00000|  0%| F|  |TAMS 0x0000000090c00000, 0x0000000090c00000| Untracked 
| 269|0x0000000090d00000, 0x0000000090d00000, 0x0000000090e00000|  0%| F|  |TAMS 0x0000000090d00000, 0x0000000090d00000| Untracked 

Card table byte_map: [0x0000014953d60000,0x0000014954160000] _byte_map_base: 0x0000014953960000

Marking Bits (Prev, Next): (CMBitMap*) 0x000001494088e968, (CMBitMap*) 0x000001494088e9a0
 Prev Bits: [0x0000014954560000, 0x0000014956560000)
 Next Bits: [0x0000014956560000, 0x0000014958560000)

Polling page: 0x000001493edf0000

Metaspace:

Usage:
  Non-class:     95.93 MB capacity,    94.20 MB ( 98%) used,     1.38 MB (  1%) free+waste,   354.25 KB ( <1%) overhead. 
      Class:     14.90 MB capacity,    13.86 MB ( 93%) used,   910.30 KB (  6%) free+waste,   153.69 KB (  1%) overhead. 
       Both:    110.83 MB capacity,   108.06 MB ( 98%) used,     2.27 MB (  2%) free+waste,   507.94 KB ( <1%) overhead. 

Virtual space:
  Non-class space:       96.00 MB reserved,      95.95 MB (>99%) committed 
      Class space:        1.00 GB reserved,      15.00 MB (  1%) committed 
             Both:        1.09 GB reserved,     110.95 MB ( 10%) committed 

Chunk freelists:
   Non-Class:  22.00 KB
       Class:  6.00 KB
        Both:  28.00 KB

MaxMetaspaceSize: 17179869184.00 GB
CompressedClassSpaceSize: 1.00 GB

CodeHeap 'non-profiled nmethods': size=120064Kb used=11135Kb max_used=11781Kb free=108928Kb
 bounds [0x000001494be00000, 0x000001494c990000, 0x0000014953340000]
CodeHeap 'profiled nmethods': size=120000Kb used=36631Kb max_used=38568Kb free=83368Kb
 bounds [0x00000149448d0000, 0x0000014946e80000, 0x000001494be00000]
CodeHeap 'non-nmethods': size=5696Kb used=2331Kb max_used=2409Kb free=3364Kb
 bounds [0x0000014944340000, 0x00000149445b0000, 0x00000149448d0000]
 total_blobs=16735 nmethods=15786 adapters=858
 compilation: enabled
              stopped_count=0, restarted_count=0
 full_count=0

Compilation events (20 events):
Event: 88.278 Thread 0x000001495ab94000 nmethod 16760 0x000001494491a210 code [0x000001494491a400, 0x000001494491a8f8]
Event: 88.278 Thread 0x000001495ab94000 16761       3       com.android.tools.r8.internal.qr$$Lambda$1219/0x0000000100d95040::get$Lambda (9 bytes)
Event: 88.278 Thread 0x000001495ab94000 nmethod 16761 0x0000014944919d10 code [0x0000014944919ee0, 0x000001494491a138]
Event: 88.278 Thread 0x000001495ab94000 16762       3       com.android.tools.r8.internal.qr$$Lambda$1219/0x0000000100d95040::<init> (10 bytes)
Event: 88.279 Thread 0x000001495ab94000 nmethod 16762 0x0000014944919910 code [0x0000014944919ac0, 0x0000014944919c78]
Event: 88.280 Thread 0x000001495ab94000 16764       3       com.android.tools.r8.internal.qr$$Lambda$1219/0x0000000100d95040::iterator (8 bytes)
Event: 88.282 Thread 0x000001495ab94000 nmethod 16764 0x000001494491f190 code [0x000001494491f420, 0x0000014944920138]
Event: 88.286 Thread 0x000001495ab94000 16765       3       com.android.tools.r8.graph.z::x0 (49 bytes)
Event: 88.286 Thread 0x000001495ab94000 nmethod 16765 0x000001494491e810 code [0x000001494491ea20, 0x000001494491efa8]
Event: 88.289 Thread 0x000001495ab90800 nmethod 16758 0x000001494be56290 code [0x000001494be56460, 0x000001494be56958]
Event: 88.293 Thread 0x0000014962a9f800 nmethod 16763 0x000001494be55990 code [0x000001494be55b60, 0x000001494be55ed8]
Event: 88.316 Thread 0x000001495ab90800 16766       4       com.android.tools.r8.internal.zj::next (27 bytes)
Event: 88.322 Thread 0x0000014962a9f800 16767       4       com.android.tools.r8.internal.zj::j (39 bytes)
Event: 88.346 Thread 0x0000014962a9f800 nmethod 16767 0x000001494be54b90 code [0x000001494be54d80, 0x000001494be553b8]
Event: 88.346 Thread 0x0000014962a9f800 16769       4       com.android.tools.r8.graph.Z0::a (78 bytes)
Event: 88.348 Thread 0x000001495ab90800 nmethod 16766 0x000001494be63b90 code [0x000001494be63d80, 0x000001494be64538]
Event: 88.348 Thread 0x000001495ab90800 16768       4       com.android.tools.r8.graph.z::a (41 bytes)
Event: 88.350 Thread 0x000001495ab90800 nmethod 16768 0x000001494be63810 code [0x000001494be639a0, 0x000001494be63ad8]
Event: 88.352 Thread 0x000001495ab90800 16770       4       com.android.tools.r8.graph.Z0::a (98 bytes)
Event: 88.353 Thread 0x0000014962a9f800 nmethod 16769 0x000001494be63190 code [0x000001494be63340, 0x000001494be63608]

GC Heap History (20 events):
Event: 83.872 GC heap after
{Heap after GC invocations=56 (full 0):
 garbage-first heap   total 165888K, used 135070K [0x0000000080000000, 0x0000000100000000)
  region size 1024K, 2 young (2048K), 2 survivors (2048K)
 Metaspace       used 109493K, capacity 112346K, committed 112460K, reserved 1146880K
  class space    used 14090K, capacity 15137K, committed 15232K, reserved 1048576K
}
Event: 83.980 GC heap before
{Heap before GC invocations=56 (full 0):
 garbage-first heap   total 165888K, used 140190K [0x0000000080000000, 0x0000000100000000)
  region size 1024K, 8 young (8192K), 2 survivors (2048K)
 Metaspace       used 109536K, capacity 112346K, committed 112460K, reserved 1146880K
  class space    used 14092K, capacity 15137K, committed 15232K, reserved 1048576K
}
Event: 83.995 GC heap after
{Heap after GC invocations=57 (full 0):
 garbage-first heap   total 199680K, used 133934K [0x0000000080000000, 0x0000000100000000)
  region size 1024K, 1 young (1024K), 1 survivors (1024K)
 Metaspace       used 109536K, capacity 112346K, committed 112460K, reserved 1146880K
  class space    used 14092K, capacity 15137K, committed 15232K, reserved 1048576K
}
Event: 83.995 GC heap before
{Heap before GC invocations=57 (full 0):
 garbage-first heap   total 199680K, used 133934K [0x0000000080000000, 0x0000000100000000)
  region size 1024K, 2 young (2048K), 1 survivors (1024K)
 Metaspace       used 109536K, capacity 112346K, committed 112460K, reserved 1146880K
  class space    used 14092K, capacity 15137K, committed 15232K, reserved 1048576K
}
Event: 84.005 GC heap after
{Heap after GC invocations=58 (full 0):
 garbage-first heap   total 199680K, used 134056K [0x0000000080000000, 0x0000000100000000)
  region size 1024K, 2 young (2048K), 2 survivors (2048K)
 Metaspace       used 109536K, capacity 112346K, committed 112460K, reserved 1146880K
  class space    used 14092K, capacity 15137K, committed 15232K, reserved 1048576K
}
Event: 84.532 GC heap before
{Heap before GC invocations=58 (full 0):
 garbage-first heap   total 199680K, used 151464K [0x0000000080000000, 0x0000000100000000)
  region size 1024K, 18 young (18432K), 2 survivors (2048K)
 Metaspace       used 109728K, capacity 112538K, committed 112716K, reserved 1146880K
  class space    used 14113K, capacity 15137K, committed 15232K, reserved 1048576K
}
Event: 84.558 GC heap after
{Heap after GC invocations=59 (full 0):
 garbage-first heap   total 199680K, used 141345K [0x0000000080000000, 0x0000000100000000)
  region size 1024K, 3 young (3072K), 3 survivors (3072K)
 Metaspace       used 109728K, capacity 112538K, committed 112716K, reserved 1146880K
  class space    used 14113K, capacity 15137K, committed 15232K, reserved 1048576K
}
Event: 85.019 GC heap before
{Heap before GC invocations=60 (full 0):
 garbage-first heap   total 199680K, used 155681K [0x0000000080000000, 0x0000000100000000)
  region size 1024K, 18 young (18432K), 3 survivors (3072K)
 Metaspace       used 110301K, capacity 113066K, committed 113228K, reserved 1146880K
  class space    used 14180K, capacity 15228K, committed 15232K, reserved 1048576K
}
Event: 85.046 GC heap after
{Heap after GC invocations=61 (full 0):
 garbage-first heap   total 199680K, used 146399K [0x0000000080000000, 0x0000000100000000)
  region size 1024K, 3 young (3072K), 3 survivors (3072K)
 Metaspace       used 110301K, capacity 113066K, committed 113228K, reserved 1146880K
  class space    used 14180K, capacity 15228K, committed 15232K, reserved 1048576K
}
Event: 85.114 GC heap before
{Heap before GC invocations=61 (full 0):
 garbage-first heap   total 199680K, used 152543K [0x0000000080000000, 0x0000000100000000)
  region size 1024K, 9 young (9216K), 3 survivors (3072K)
 Metaspace       used 110330K, capacity 113133K, committed 113228K, reserved 1146880K
  class space    used 14180K, capacity 15228K, committed 15232K, reserved 1048576K
}
Event: 85.134 GC heap after
{Heap after GC invocations=62 (full 0):
 garbage-first heap   total 199680K, used 149353K [0x0000000080000000, 0x0000000100000000)
  region size 1024K, 2 young (2048K), 2 survivors (2048K)
 Metaspace       used 110330K, capacity 113133K, committed 113228K, reserved 1146880K
  class space    used 14180K, capacity 15228K, committed 15232K, reserved 1048576K
}
Event: 85.349 GC heap before
{Heap before GC invocations=62 (full 0):
 garbage-first heap   total 199680K, used 161641K [0x0000000080000000, 0x0000000100000000)
  region size 1024K, 14 young (14336K), 2 survivors (2048K)
 Metaspace       used 110355K, capacity 113136K, committed 113228K, reserved 1146880K
  class space    used 14181K, capacity 15229K, committed 15232K, reserved 1048576K
}
Event: 85.369 GC heap after
{Heap after GC invocations=63 (full 0):
 garbage-first heap   total 276480K, used 155402K [0x0000000080000000, 0x0000000100000000)
  region size 1024K, 2 young (2048K), 2 survivors (2048K)
 Metaspace       used 110355K, capacity 113136K, committed 113228K, reserved 1146880K
  class space    used 14181K, capacity 15229K, committed 15232K, reserved 1048576K
}
Event: 86.576 GC heap before
{Heap before GC invocations=64 (full 0):
 garbage-first heap   total 276480K, used 187146K [0x0000000080000000, 0x0000000100000000)
  region size 1024K, 34 young (34816K), 2 survivors (2048K)
 Metaspace       used 110509K, capacity 113321K, committed 113484K, reserved 1146880K
  class space    used 14188K, capacity 15226K, committed 15232K, reserved 1048576K
}
Event: 86.621 GC heap after
{Heap after GC invocations=65 (full 0):
 garbage-first heap   total 276480K, used 172483K [0x0000000080000000, 0x0000000100000000)
  region size 1024K, 5 young (5120K), 5 survivors (5120K)
 Metaspace       used 110509K, capacity 113321K, committed 113484K, reserved 1146880K
  class space    used 14188K, capacity 15226K, committed 15232K, reserved 1048576K
}
Event: 86.916 GC heap before
{Heap before GC invocations=65 (full 0):
 garbage-first heap   total 276480K, used 201155K [0x0000000080000000, 0x0000000100000000)
  region size 1024K, 33 young (33792K), 5 survivors (5120K)
 Metaspace       used 110512K, capacity 113321K, committed 113484K, reserved 1146880K
  class space    used 14188K, capacity 15226K, committed 15232K, reserved 1048576K
}
Event: 86.961 GC heap after
{Heap after GC invocations=66 (full 0):
 garbage-first heap   total 276480K, used 188928K [0x0000000080000000, 0x0000000100000000)
  region size 1024K, 5 young (5120K), 5 survivors (5120K)
 Metaspace       used 110512K, capacity 113321K, committed 113484K, reserved 1146880K
  class space    used 14188K, capacity 15226K, committed 15232K, reserved 1048576K
}
Event: 87.697 GC heap before
{Heap before GC invocations=66 (full 0):
 garbage-first heap   total 276480K, used 212480K [0x0000000080000000, 0x0000000100000000)
  region size 1024K, 28 young (28672K), 5 survivors (5120K)
 Metaspace       used 110570K, capacity 113387K, committed 113484K, reserved 1146880K
  class space    used 14189K, capacity 15226K, committed 15232K, reserved 1048576K
}
Event: 87.732 GC heap after
{Heap after GC invocations=67 (full 0):
 garbage-first heap   total 276480K, used 198272K [0x0000000080000000, 0x0000000100000000)
  region size 1024K, 4 young (4096K), 4 survivors (4096K)
 Metaspace       used 110570K, capacity 113387K, committed 113484K, reserved 1146880K
  class space    used 14189K, capacity 15226K, committed 15232K, reserved 1048576K
}
Event: 88.357 GC heap before
{Heap before GC invocations=67 (full 0):
 garbage-first heap   total 276480K, used 218752K [0x0000000080000000, 0x0000000100000000)
  region size 1024K, 25 young (25600K), 4 survivors (4096K)
 Metaspace       used 110657K, capacity 113488K, committed 113612K, reserved 1146880K
  class space    used 14194K, capacity 15258K, committed 15360K, reserved 1048576K
}

Deoptimization events (20 events):
Event: 88.316 Thread 0x000001495ef5a000 Uncommon trap: trap_request=0xffffffbe fr.pc=0x000001494be55d84 relative=0x0000000000000224
Event: 88.316 Thread 0x000001495ef5a000 Uncommon trap: reason=profile_predicate action=maybe_recompile pc=0x000001494be55d84 method=com.android.tools.r8.internal.zj.j()Ljava/lang/Object; @ 9 c2
Event: 88.316 Thread 0x000001495ef5a000 DEOPT PACKING pc=0x000001494be55d84 sp=0x0000001cc98fd250
Event: 88.316 Thread 0x000001495ef5a000 DEOPT UNPACKING pc=0x000001494436782f sp=0x0000001cc98fd210 mode 2
Event: 88.316 Thread 0x000001495ef5a000 Uncommon trap: trap_request=0xffffffbe fr.pc=0x000001494be56784 relative=0x0000000000000324
Event: 88.316 Thread 0x000001495ef5a000 Uncommon trap: reason=profile_predicate action=maybe_recompile pc=0x000001494be56784 method=com.android.tools.r8.internal.zj.j()Ljava/lang/Object; @ 9 c2
Event: 88.316 Thread 0x000001495ef5a000 DEOPT PACKING pc=0x000001494be56784 sp=0x0000001cc98fd2e0
Event: 88.316 Thread 0x000001495ef5a000 DEOPT UNPACKING pc=0x000001494436782f sp=0x0000001cc98fd258 mode 2
Event: 88.316 Thread 0x000001495ef5a000 Uncommon trap: trap_request=0xffffffbe fr.pc=0x000001494be56784 relative=0x0000000000000324
Event: 88.316 Thread 0x000001495ef5a000 Uncommon trap: reason=profile_predicate action=maybe_recompile pc=0x000001494be56784 method=com.android.tools.r8.internal.zj.j()Ljava/lang/Object; @ 9 c2
Event: 88.316 Thread 0x000001495ef5a000 DEOPT PACKING pc=0x000001494be56784 sp=0x0000001cc98fd2e0
Event: 88.316 Thread 0x000001495ef5a000 DEOPT UNPACKING pc=0x000001494436782f sp=0x0000001cc98fd258 mode 2
Event: 88.316 Thread 0x000001495ef5a000 Uncommon trap: trap_request=0xffffffbe fr.pc=0x000001494be56784 relative=0x0000000000000324
Event: 88.316 Thread 0x000001495ef5a000 Uncommon trap: reason=profile_predicate action=maybe_recompile pc=0x000001494be56784 method=com.android.tools.r8.internal.zj.j()Ljava/lang/Object; @ 9 c2
Event: 88.316 Thread 0x000001495ef5a000 DEOPT PACKING pc=0x000001494be56784 sp=0x0000001cc98fd2e0
Event: 88.316 Thread 0x000001495ef5a000 DEOPT UNPACKING pc=0x000001494436782f sp=0x0000001cc98fd258 mode 2
Event: 88.316 Thread 0x000001495ef5a000 Uncommon trap: trap_request=0xffffffbe fr.pc=0x000001494be55d84 relative=0x0000000000000224
Event: 88.316 Thread 0x000001495ef5a000 Uncommon trap: reason=profile_predicate action=maybe_recompile pc=0x000001494be55d84 method=com.android.tools.r8.internal.zj.j()Ljava/lang/Object; @ 9 c2
Event: 88.316 Thread 0x000001495ef5a000 DEOPT PACKING pc=0x000001494be55d84 sp=0x0000001cc98fd280
Event: 88.316 Thread 0x000001495ef5a000 DEOPT UNPACKING pc=0x000001494436782f sp=0x0000001cc98fd248 mode 2

Classes redefined (0 events):
No events

Internal exceptions (20 events):
Event: 54.836 Thread 0x000001495ef4e800 Exception <a 'java/lang/NoSuchMethodError'{0x0000000087bc1f70}: 'java.lang.Object java.lang.invoke.DirectMethodHandle$Holder.invokeSpecial(java.lang.Object, java.lang.Object, java.lang.Object, java.lang.Object, java.lang.Object, java.lang.Object, java.lang.Object, java.lang.Object, java.lang.Object, java.lang.Object, java.lang.Object)'> (0x0000000087bc1f70) thrown at [./src/hotspot/share/interpreter/linkResolver.cpp, line 773]
Event: 54.838 Thread 0x000001495ef4e800 Exception <a 'java/lang/NoSuchMethodError'{0x0000000087bcd820}: 'java.lang.Object java.lang.invoke.Invokers$Holder.linkToTargetMethod(java.lang.Object, java.lang.Object, java.lang.Object, java.lang.Object, java.lang.Object, java.lang.Object, java.lang.Object, java.lang.Object, java.lang.Object, java.lang.Object)'> (0x0000000087bcd820) thrown at [./src/hotspot/share/interpreter/linkResolver.cpp, line 773]
Event: 54.853 Thread 0x000001495ef4e800 Exception <a 'java/lang/IncompatibleClassChangeError'{0x0000000087a32768}: Found class java.lang.Object, but interface was expected> (0x0000000087a32768) thrown at [./src/hotspot/share/interpreter/linkResolver.cpp, line 839]
Event: 72.778 Thread 0x000001495ef4e800 Implicit null exception at 0x000001494bfa186b to 0x000001494bfa188c
Event: 80.845 Thread 0x000001495ef4e800 Exception <a 'sun/nio/fs/WindowsException'{0x00000000899f2ac8}> (0x00000000899f2ac8) thrown at [./src/hotspot/share/prims/jni.cpp, line 615]
Event: 82.155 Thread 0x000001495ef5a000 Exception <a 'sun/nio/fs/WindowsException'{0x00000000884509e0}> (0x00000000884509e0) thrown at [./src/hotspot/share/prims/jni.cpp, line 615]
Event: 83.402 Thread 0x000001495ef53800 Exception <a 'java/lang/NoSuchMethodError'{0x0000000089401d80}: <clinit>> (0x0000000089401d80) thrown at [./src/hotspot/share/prims/jni.cpp, line 1362]
Event: 83.402 Thread 0x000001495ef53800 Exception <a 'java/lang/NoSuchMethodError'{0x00000000894030b8}: <clinit>> (0x00000000894030b8) thrown at [./src/hotspot/share/prims/jni.cpp, line 1362]
Event: 83.404 Thread 0x000001495ef53800 Exception <a 'java/lang/NoSuchMethodError'{0x0000000089405818}: <clinit>> (0x0000000089405818) thrown at [./src/hotspot/share/prims/jni.cpp, line 1362]
Event: 83.406 Thread 0x000001495ef53800 Exception <a 'java/lang/NoSuchMethodError'{0x000000008941e658}: <clinit>> (0x000000008941e658) thrown at [./src/hotspot/share/prims/jni.cpp, line 1362]
Event: 83.406 Thread 0x000001495ef53800 Exception <a 'java/lang/NoSuchMethodError'{0x000000008941fb38}: <clinit>> (0x000000008941fb38) thrown at [./src/hotspot/share/prims/jni.cpp, line 1362]
Event: 83.842 Thread 0x000001495ef53800 Exception <a 'java/lang/NoSuchMethodError'{0x00000000896d5e58}: <clinit>> (0x00000000896d5e58) thrown at [./src/hotspot/share/prims/jni.cpp, line 1362]
Event: 83.847 Thread 0x000001495ef53800 Exception <a 'java/lang/NoSuchMethodError'{0x0000000089589900}: <clinit>> (0x0000000089589900) thrown at [./src/hotspot/share/prims/jni.cpp, line 1362]
Event: 83.849 Thread 0x000001495ef53800 Exception <a 'java/lang/NoSuchMethodError'{0x000000008959cb68}: <clinit>> (0x000000008959cb68) thrown at [./src/hotspot/share/prims/jni.cpp, line 1362]
Event: 84.636 Thread 0x000001495ef56800 Exception <a 'java/lang/NoSuchMethodError'{0x000000008c086038}: 'void java.lang.invoke.DirectMethodHandle$Holder.invokeStatic(java.lang.Object, long)'> (0x000000008c086038) thrown at [./src/hotspot/share/interpreter/linkResolver.cpp, line 773]
Event: 84.638 Thread 0x000001495ef56800 Exception <a 'java/lang/NoSuchMethodError'{0x000000008be1b3c8}: 'java.lang.Object java.lang.invoke.DirectMethodHandle$Holder.invokeStaticInit(java.lang.Object, java.lang.Object, long, java.lang.Object)'> (0x000000008be1b3c8) thrown at [./src/hotspot/share/interpreter/linkResolver.cpp, line 773]
Event: 84.639 Thread 0x000001495ef56800 Exception <a 'java/lang/NoSuchMethodError'{0x000000008be2e0a8}: 'java.lang.Object java.lang.invoke.DirectMethodHandle$Holder.invokeStatic(java.lang.Object, java.lang.Object, long)'> (0x000000008be2e0a8) thrown at [./src/hotspot/share/interpreter/linkResolver.cpp, line 773]
Event: 84.640 Thread 0x000001495ef56800 Exception <a 'java/lang/NoSuchMethodError'{0x000000008be45060}: 'java.lang.Object java.lang.invoke.Invokers$Holder.linkToTargetMethod(java.lang.Object, long, java.lang.Object)'> (0x000000008be45060) thrown at [./src/hotspot/share/interpreter/linkResolver.cpp, line 773]
Event: 86.677 Thread 0x000001495ef56000 Implicit null exception at 0x000001494c93c840 to 0x000001494c942e04
Event: 87.861 Thread 0x000001495ef5a000 Implicit null exception at 0x000001494c90639c to 0x000001494c906dc2

Events (20 events):
Event: 88.102 loading class com/android/builder/internal/aapt/v2/Aapt2DaemonImpl$WaitForTaskCompletion done
Event: 88.104 loading class com/android/builder/internal/aapt/v2/Aapt2DaemonUtil
Event: 88.104 loading class com/android/builder/internal/aapt/v2/Aapt2DaemonUtil done
Event: 88.105 loading class com/android/builder/internal/aapt/AaptException
Event: 88.105 loading class com/android/builder/internal/aapt/AaptException done
Event: 88.105 loading class com/android/builder/internal/aapt/v2/AaptV2CommandBuilder
Event: 88.105 loading class com/android/builder/internal/aapt/v2/AaptV2CommandBuilder done
Event: 88.109 loading class com/android/builder/internal/aapt/v2/AaptV2CommandBuilder$makeLinkCommand$$inlined$sortedBy$1
Event: 88.109 loading class com/android/builder/internal/aapt/v2/AaptV2CommandBuilder$makeLinkCommand$$inlined$sortedBy$1 done
Event: 88.133 loading class kotlin/comparisons/ComparisonsKt
Event: 88.133 loading class kotlin/comparisons/ComparisonsKt done
Event: 88.133 loading class kotlin/comparisons/ComparisonsKt
Event: 88.133 loading class kotlin/comparisons/ComparisonsKt done
Event: 88.134 loading class kotlin/comparisons/ComparisonsKt___ComparisonsKt
Event: 88.134 loading class kotlin/comparisons/ComparisonsKt___ComparisonsKt done
Event: 88.135 loading class kotlin/comparisons/ComparisonsKt___ComparisonsJvmKt
Event: 88.135 loading class kotlin/comparisons/ComparisonsKt___ComparisonsJvmKt done
Event: 88.137 loading class kotlin/comparisons/ComparisonsKt__ComparisonsKt
Event: 88.137 loading class kotlin/comparisons/ComparisonsKt__ComparisonsKt done
Event: 88.357 Executing VM operation: G1CollectForAllocation


Dynamic libraries:
0x00007ff68bc20000 - 0x00007ff68bc2a000 	C:\Program Files\Android\Android Studio\jre\bin\java.exe
0x00007ffdead10000 - 0x00007ffdeaf07000 	C:\WINDOWS\SYSTEM32\ntdll.dll
0x00007ffde9600000 - 0x00007ffde96bd000 	C:\WINDOWS\System32\KERNEL32.DLL
0x00007ffde84d0000 - 0x00007ffde879d000 	C:\WINDOWS\System32\KERNELBASE.dll
0x00007ffde89c0000 - 0x00007ffde8ac0000 	C:\WINDOWS\System32\ucrtbase.dll
0x00007ffdd9270000 - 0x00007ffdd9289000 	C:\Program Files\Android\Android Studio\jre\bin\jli.dll
0x00007ffdd9290000 - 0x00007ffdd92a7000 	C:\Program Files\Android\Android Studio\jre\bin\VCRUNTIME140.dll
0x00007ffde96c0000 - 0x00007ffde9860000 	C:\WINDOWS\System32\USER32.dll
0x00007ffde88b0000 - 0x00007ffde88d2000 	C:\WINDOWS\System32\win32u.dll
0x00007ffdd5d60000 - 0x00007ffdd5ffa000 	C:\WINDOWS\WinSxS\amd64_microsoft.windows.common-controls_6595b64144ccf1df_6.0.19041.1110_none_60b5254171f9507e\COMCTL32.dll
0x00007ffdea9f0000 - 0x00007ffdeaa1a000 	C:\WINDOWS\System32\GDI32.dll
0x00007ffdea780000 - 0x00007ffdea81e000 	C:\WINDOWS\System32\msvcrt.dll
0x00007ffde87a0000 - 0x00007ffde88ab000 	C:\WINDOWS\System32\gdi32full.dll
0x00007ffde8430000 - 0x00007ffde84cd000 	C:\WINDOWS\System32\msvcp_win.dll
0x00007ffdeaa20000 - 0x00007ffdeaa50000 	C:\WINDOWS\System32\IMM32.DLL
0x00007ffdd5480000 - 0x00007ffdd551d000 	C:\Program Files\Android\Android Studio\jre\bin\msvcp140.dll
0x00007ffd8c490000 - 0x00007ffd8cf5f000 	C:\Program Files\Android\Android Studio\jre\bin\server\jvm.dll
0x00007ffdeab80000 - 0x00007ffdeac2e000 	C:\WINDOWS\System32\ADVAPI32.dll
0x00007ffdeac30000 - 0x00007ffdeaccc000 	C:\WINDOWS\System32\sechost.dll
0x00007ffdea8a0000 - 0x00007ffdea9c5000 	C:\WINDOWS\System32\RPCRT4.dll
0x00007ffdea5f0000 - 0x00007ffdea5f8000 	C:\WINDOWS\System32\PSAPI.DLL
0x00007ffde3ed0000 - 0x00007ffde3ed9000 	C:\WINDOWS\SYSTEM32\WSOCK32.dll
0x00007ffdea110000 - 0x00007ffdea17b000 	C:\WINDOWS\System32\WS2_32.dll
0x00007ffdd71d0000 - 0x00007ffdd71f7000 	C:\WINDOWS\SYSTEM32\WINMM.dll
0x00007ffdd7d30000 - 0x00007ffdd7d3a000 	C:\WINDOWS\SYSTEM32\VERSION.dll
0x00007ffde6330000 - 0x00007ffde6342000 	C:\WINDOWS\SYSTEM32\kernel.appcore.dll
0x00007ffdd63f0000 - 0x00007ffdd6401000 	C:\Program Files\Android\Android Studio\jre\bin\verify.dll
0x00007ffdd7250000 - 0x00007ffdd7434000 	C:\WINDOWS\SYSTEM32\DBGHELP.DLL
0x00007ffdd7070000 - 0x00007ffdd709c000 	C:\WINDOWS\SYSTEM32\dbgcore.DLL
0x00007ffde8930000 - 0x00007ffde89b2000 	C:\WINDOWS\System32\bcryptPrimitives.dll
0x00007ffdd4850000 - 0x00007ffdd4879000 	C:\Program Files\Android\Android Studio\jre\bin\java.dll
0x00007ffde3ec0000 - 0x00007ffde3ecb000 	C:\Program Files\Android\Android Studio\jre\bin\jimage.dll
0x00007ffdd4e60000 - 0x00007ffdd4e78000 	C:\Program Files\Android\Android Studio\jre\bin\zip.dll
0x00007ffde8eb0000 - 0x00007ffde95f4000 	C:\WINDOWS\System32\SHELL32.dll
0x00007ffde6530000 - 0x00007ffde6cc4000 	C:\WINDOWS\SYSTEM32\windows.storage.dll
0x00007ffde9a10000 - 0x00007ffde9d64000 	C:\WINDOWS\System32\combase.dll
0x00007ffde7dc0000 - 0x00007ffde7dec000 	C:\WINDOWS\SYSTEM32\Wldp.dll
0x00007ffdea6d0000 - 0x00007ffdea77d000 	C:\WINDOWS\System32\SHCORE.dll
0x00007ffdea0b0000 - 0x00007ffdea105000 	C:\WINDOWS\System32\shlwapi.dll
0x00007ffde8370000 - 0x00007ffde838f000 	C:\WINDOWS\SYSTEM32\profapi.dll
0x00007ffdd4d70000 - 0x00007ffdd4d8a000 	C:\Program Files\Android\Android Studio\jre\bin\net.dll
0x00007ffdd9fd0000 - 0x00007ffdda0da000 	C:\WINDOWS\SYSTEM32\WINHTTP.dll
0x00007ffde7b20000 - 0x00007ffde7b8a000 	C:\WINDOWS\system32\mswsock.dll
0x00007ffdd4790000 - 0x00007ffdd47a4000 	C:\Program Files\Android\Android Studio\jre\bin\nio.dll
0x00007ffdd92b0000 - 0x00007ffdd92d7000 	C:\Users\Efendi\.gradle\native\8bec1ad78214c89d9ad589b4d07fe93259594b29d510b10fafb7a158f7737e5d\windows-amd64\native-platform.dll
0x00007ffd96900000 - 0x00007ffd96a3d000 	C:\Users\Efendi\.gradle\native\53dbd7edfb1c66fb8903c78663c9afc45aea4f116125fa6feffd364cf09443e8\windows-amd64\native-platform-file-events.dll
0x00007ffde3ab0000 - 0x00007ffde3aba000 	C:\Program Files\Android\Android Studio\jre\bin\management.dll
0x00007ffde02d0000 - 0x00007ffde02dc000 	C:\Program Files\Android\Android Studio\jre\bin\management_ext.dll
0x00007ffde7d20000 - 0x00007ffde7d38000 	C:\WINDOWS\SYSTEM32\CRYPTSP.dll
0x00007ffde74a0000 - 0x00007ffde74d4000 	C:\WINDOWS\system32\rsaenh.dll
0x00007ffde8d40000 - 0x00007ffde8d67000 	C:\WINDOWS\System32\bcrypt.dll
0x00007ffde8330000 - 0x00007ffde835e000 	C:\WINDOWS\SYSTEM32\USERENV.dll
0x00007ffde7d10000 - 0x00007ffde7d1c000 	C:\WINDOWS\SYSTEM32\CRYPTBASE.dll
0x00007ffde7810000 - 0x00007ffde784b000 	C:\WINDOWS\SYSTEM32\IPHLPAPI.DLL
0x00007ffdea600000 - 0x00007ffdea608000 	C:\WINDOWS\System32\NSI.dll
0x00007ffdde910000 - 0x00007ffdde927000 	C:\WINDOWS\SYSTEM32\dhcpcsvc6.DLL
0x00007ffddf9f0000 - 0x00007ffddfa0d000 	C:\WINDOWS\SYSTEM32\dhcpcsvc.DLL
0x00007ffde7850000 - 0x00007ffde791b000 	C:\WINDOWS\SYSTEM32\DNSAPI.dll
0x00007ffde3f10000 - 0x00007ffde3f37000 	C:\Program Files\Android\Android Studio\jre\bin\sunec.dll
0x00007ffddb3d0000 - 0x00007ffddb3da000 	C:\Windows\System32\rasadhlp.dll
0x00007ffdda2d0000 - 0x00007ffdda350000 	C:\WINDOWS\System32\fwpuclnt.dll

dbghelp: loaded successfully - version: 4.0.5 - missing functions: none
symbol engine: initialized successfully - sym options: 0x614 - pdb path: .;C:\Program Files\Android\Android Studio\jre\bin;C:\WINDOWS\SYSTEM32;C:\WINDOWS\WinSxS\amd64_microsoft.windows.common-controls_6595b64144ccf1df_6.0.19041.1110_none_60b5254171f9507e;C:\Program Files\Android\Android Studio\jre\bin\server;C:\Users\Efendi\.gradle\native\8bec1ad78214c89d9ad589b4d07fe93259594b29d510b10fafb7a158f7737e5d\windows-amd64;C:\Users\Efendi\.gradle\native\53dbd7edfb1c66fb8903c78663c9afc45aea4f116125fa6feffd364cf09443e8\windows-amd64

VM Arguments:
jvm_args: --add-opens=java.base/java.util=ALL-UNNAMED --add-opens=java.base/java.lang=ALL-UNNAMED --add-opens=java.base/java.lang.invoke=ALL-UNNAMED --add-opens=java.base/java.util=ALL-UNNAMED --add-opens=java.prefs/java.util.prefs=ALL-UNNAMED --add-opens=java.prefs/java.util.prefs=ALL-UNNAMED --add-opens=java.base/java.nio.charset=ALL-UNNAMED --add-opens=java.base/java.net=ALL-UNNAMED --add-opens=java.base/java.util.concurrent.atomic=ALL-UNNAMED -Xmx2048m -Dfile.encoding=UTF-8 -Duser.country=ID -Duser.language=en -Duser.variant 
java_command: org.gradle.launcher.daemon.bootstrap.GradleDaemon 7.0.2
java_class_path (initial): C:\Users\Efendi\.gradle\wrapper\dists\gradle-7.0.2-bin\857tjihv64xamwrf0h14cai3r\gradle-7.0.2\lib\gradle-launcher-7.0.2.jar
Launcher Type: SUN_STANDARD

[Global flags]
     intx CICompilerCount                          = 3                                         {product} {ergonomic}
     uint ConcGCThreads                            = 1                                         {product} {ergonomic}
     uint G1ConcRefinementThreads                  = 4                                         {product} {ergonomic}
   size_t G1HeapRegionSize                         = 1048576                                   {product} {ergonomic}
    uintx GCDrainStackTargetSize                   = 64                                        {product} {ergonomic}
   size_t InitialHeapSize                          = 134217728                                 {product} {ergonomic}
   size_t MarkStackSize                            = 4194304                                   {product} {ergonomic}
   size_t MaxHeapSize                              = 2147483648                                {product} {command line}
   size_t MaxNewSize                               = 1287651328                                {product} {ergonomic}
   size_t MinHeapDeltaBytes                        = 1048576                                   {product} {ergonomic}
    uintx NonNMethodCodeHeapSize                   = 5830732                                {pd product} {ergonomic}
    uintx NonProfiledCodeHeapSize                  = 122913754                              {pd product} {ergonomic}
    uintx ProfiledCodeHeapSize                     = 122913754                              {pd product} {ergonomic}
    uintx ReservedCodeCacheSize                    = 251658240                              {pd product} {ergonomic}
     bool SegmentedCodeCache                       = true                                      {product} {ergonomic}
     bool UseCompressedClassPointers               = true                                 {lp64_product} {ergonomic}
     bool UseCompressedOops                        = true                                 {lp64_product} {ergonomic}
     bool UseG1GC                                  = true                                      {product} {ergonomic}
     bool UseLargePagesIndividualAllocation        = false                                  {pd product} {ergonomic}

Logging:
Log output configuration:
 #0: stdout all=warning uptime,level,tags
 #1: stderr all=off uptime,level,tags

Environment Variables:
PATH=C:\oraclexe\app\oracle\product\11.2.0\server\bin;C:\Program Files (x86)\Common Files\Oracle\Java\javapath;C:\WINDOWS\system32;C:\WINDOWS;C:\WINDOWS\System32\Wbem;C:\WINDOWS\System32\WindowsPowerShell\v1.0\;C:\WINDOWS\System32\OpenSSH\;C:\Program Files\nodejs\;C:\ProgramData\chocolatey\bin;C:\Program Files\Graphviz\bin;C:\Program Files\MongoDB\Server\3.6\bin;C:\gradle-7.0.2\bin;C:\apache-maven-3.8.1\bin;C:\Program Files\Git\cmd;F:\Kuliah\semester 5\big prijek\scrcpy;C:\Program Files (x86)\GtkSharp\2.12\bin;C:\xampp\php;C:\composer;C:\bin;C:\Users\Efendi\AppData\Local\Programs\Python\Python39\Scripts\;C:\Users\Efendi\AppData\Local\Programs\Python\Python39\;C:\Users\Efendi\AppData\Local\Microsoft\WindowsApps;;C:\Users\Efendi\AppData\Local\Programs\Microsoft VS Code\bin;C:\Users\Efendi\AppData\Roaming\npm;C:\Users\Efendi\AppData\Roaming\Composer\vendor\bin
USERNAME=Efendi
OS=Windows_NT
PROCESSOR_IDENTIFIER=Intel64 Family 6 Model 58 Stepping 9, GenuineIntel



---------------  S Y S T E M  ---------------

OS: Windows 10 , 64 bit Build 19041 (10.0.19041.1741)
OS uptime: 0 days 12:05 hours

CPU:total 4 (initial active 4) (2 cores per cpu, 2 threads per core) family 6 model 58 stepping 9 microcode 0x21, cmov, cx8, fxsr, mmx, sse, sse2, sse3, ssse3, sse4.1, sse4.2, popcnt, avx, aes, clmul, erms, ht, tsc, tscinvbit, tscinv

Memory: 4k page, system-wide physical 8071M (418M free)
TotalPageFile size 10631M (AvailPageFile size 107M)
current process WorkingSet (physical memory assigned to process): 575M, peak: 577M
current process commit charge ("private bytes"): 662M, peak: 925M

vm_info: OpenJDK 64-Bit Server VM (11.0.10+0-b96-7249189) for windows-amd64 JRE (11.0.10+0-b96-7249189), built on Mar 31 2021 21:44:00 by "builder" with MS VC++ 14.0 (VS2015)

END.
